{
  "stats": {
    "suites": 12,
    "tests": 41,
    "passes": 37,
    "pending": 0,
    "failures": 4,
    "start": "2022-01-15T01:45:17.667Z",
    "end": "2022-01-15T01:46:12.576Z",
    "duration": 54909,
    "testsRegistered": 41,
    "passPercent": 90.2439024390244,
    "pendingPercent": 0,
    "other": 0,
    "hasOther": false,
    "skipped": 0,
    "hasSkipped": false
  },
  "results": [
    {
      "uuid": "4098aa93-af73-4d6c-bca3-e26788699cda",
      "title": "",
      "fullFile": "cypress/integration/project.spec.js",
      "file": "cypress/integration/project.spec.js",
      "beforeHooks": [],
      "afterHooks": [],
      "tests": [],
      "suites": [
        {
          "uuid": "3f910fca-d393-4c57-9b07-fee69f495fe4",
          "title": "1 - Adicione à página o título \"Paleta de Cores\".",
          "fullFile": "",
          "file": "",
          "beforeHooks": [],
          "afterHooks": [],
          "tests": [
            {
              "title": "Verifica se contém um elemento `h1` com o id `title` com o título correto",
              "fullTitle": "1 - Adicione à página o título \"Paleta de Cores\". Verifica se contém um elemento `h1` com o id `title` com o título correto",
              "timedOut": null,
              "duration": 1724,
              "state": "passed",
              "speed": "fast",
              "pass": true,
              "fail": false,
              "pending": false,
              "context": null,
              "code": "cy.get('h1#title').should('contain.text', 'Paleta de Cores');",
              "err": {},
              "uuid": "13b8722f-cb51-4c0a-a9d5-ee1dff767502",
              "parentUUID": "3f910fca-d393-4c57-9b07-fee69f495fe4",
              "isHook": false,
              "skipped": false
            }
          ],
          "suites": [],
          "passes": [
            "13b8722f-cb51-4c0a-a9d5-ee1dff767502"
          ],
          "failures": [],
          "pending": [],
          "skipped": [],
          "duration": 1724,
          "root": false,
          "rootEmpty": false,
          "_timeout": 2000
        },
        {
          "uuid": "68d3a0f9-6060-4291-8a6f-3fc452731338",
          "title": "2 - Adicione à página uma paleta de quatro cores distintas.",
          "fullFile": "",
          "file": "",
          "beforeHooks": [],
          "afterHooks": [],
          "tests": [
            {
              "title": "A paleta de cores deve ser um elemento com `id` denominado `color-palette`",
              "fullTitle": "2 - Adicione à página uma paleta de quatro cores distintas. A paleta de cores deve ser um elemento com `id` denominado `color-palette`",
              "timedOut": null,
              "duration": 491,
              "state": "passed",
              "speed": "fast",
              "pass": true,
              "fail": false,
              "pending": false,
              "context": null,
              "code": "cy.get('#color-palette').should('be.visible');\ncy.get('#color-palette').children('.color');",
              "err": {},
              "uuid": "75a679eb-c4c2-45db-b3b3-d0cd3f42314c",
              "parentUUID": "68d3a0f9-6060-4291-8a6f-3fc452731338",
              "isHook": false,
              "skipped": false
            },
            {
              "title": "Verifica se cada cor individual da paleta de cores possui a `classe` chamada `color`.",
              "fullTitle": "2 - Adicione à página uma paleta de quatro cores distintas. Verifica se cada cor individual da paleta de cores possui a `classe` chamada `color`.",
              "timedOut": null,
              "duration": 635,
              "state": "passed",
              "speed": "fast",
              "pass": true,
              "fail": false,
              "pending": false,
              "context": null,
              "code": "cy.get('.color').should('have.length', 4).then(colors => {\n  for (let i = 0; i < colors.length; i++) {\n    cy.wrap(colors[i]).should('be.visible');\n  }\n});",
              "err": {},
              "uuid": "6e8d4c4a-e3bf-40cb-9f88-b0f321a2e088",
              "parentUUID": "68d3a0f9-6060-4291-8a6f-3fc452731338",
              "isHook": false,
              "skipped": false
            },
            {
              "title": "Verifica se a cor de fundo de cada elemento da paleta é a cor que o elemento representa. **A única cor não permitida na paleta é a cor branca.**",
              "fullTitle": "2 - Adicione à página uma paleta de quatro cores distintas. Verifica se a cor de fundo de cada elemento da paleta é a cor que o elemento representa. **A única cor não permitida na paleta é a cor branca.**",
              "timedOut": null,
              "duration": 386,
              "state": "passed",
              "speed": "fast",
              "pass": true,
              "fail": false,
              "pending": false,
              "context": null,
              "code": "cy.get('.color').each(color => {\n  cy.wrap(color).should('have.class', 'color').and('not.have.css', 'background-color', WHITE);\n  cy.wrap(color).should('have.css', 'background-color');\n});",
              "err": {},
              "uuid": "7c75b418-52d5-46fb-85cc-8c629284d838",
              "parentUUID": "68d3a0f9-6060-4291-8a6f-3fc452731338",
              "isHook": false,
              "skipped": false
            },
            {
              "title": "Verifica se cada elemento da paleta de cores tem uma borda preta, sólida e com 1 pixel de largura;",
              "fullTitle": "2 - Adicione à página uma paleta de quatro cores distintas. Verifica se cada elemento da paleta de cores tem uma borda preta, sólida e com 1 pixel de largura;",
              "timedOut": null,
              "duration": 349,
              "state": "passed",
              "speed": "fast",
              "pass": true,
              "fail": false,
              "pending": false,
              "context": null,
              "code": "cy.get('.color').each(color => {\n  cy.wrap(color).and('have.css', 'border', `1px solid ${BLACK}`).and('have.class', 'color');\n});",
              "err": {},
              "uuid": "0e98d906-1a8d-4812-b2ad-8d10bc9bff3c",
              "parentUUID": "68d3a0f9-6060-4291-8a6f-3fc452731338",
              "isHook": false,
              "skipped": false
            },
            {
              "title": "Verifica se a paleta lista todas as cores disponíveis para utilização, lado a lado.",
              "fullTitle": "2 - Adicione à página uma paleta de quatro cores distintas. Verifica se a paleta lista todas as cores disponíveis para utilização, lado a lado.",
              "timedOut": null,
              "duration": 183,
              "state": "passed",
              "speed": "fast",
              "pass": true,
              "fail": false,
              "pending": false,
              "context": null,
              "code": "cy.get('.color').then(colors => {\n  for (let index = 1; index < colors.length; index += 1) {\n    const currentColor = colors[index];\n    const previousColor = colors[index - 1];\n    cy.wrap(currentColor).should('be.onTheRightOf', previousColor).and('be.horizontallyAlignedWith', previousColor);\n  }\n});",
              "err": {},
              "uuid": "0a656978-2db9-4e1b-94c3-cb0aefd0bb04",
              "parentUUID": "68d3a0f9-6060-4291-8a6f-3fc452731338",
              "isHook": false,
              "skipped": false
            },
            {
              "title": "Verifica se a paleta de cores está posicionada abaixo do título 'Paleta de Cores'",
              "fullTitle": "2 - Adicione à página uma paleta de quatro cores distintas. Verifica se a paleta de cores está posicionada abaixo do título 'Paleta de Cores'",
              "timedOut": null,
              "duration": 187,
              "state": "passed",
              "speed": "fast",
              "pass": true,
              "fail": false,
              "pending": false,
              "context": null,
              "code": "cy.get('h1#title').then(title => {\n  cy.get('#color-palette').should('be.belowOf', title);\n});",
              "err": {},
              "uuid": "61240d94-6f08-4181-9821-52fb6f42cb12",
              "parentUUID": "68d3a0f9-6060-4291-8a6f-3fc452731338",
              "isHook": false,
              "skipped": false
            },
            {
              "title": "Verifica se a paleta de cores não contém cores repetidas.",
              "fullTitle": "2 - Adicione à página uma paleta de quatro cores distintas. Verifica se a paleta de cores não contém cores repetidas.",
              "timedOut": null,
              "duration": 123,
              "state": "passed",
              "speed": "fast",
              "pass": true,
              "fail": false,
              "pending": false,
              "context": null,
              "code": "cy.get('.color').then(colors => {\n  const allColors = Array.from(colors).map(color => Cypress.$(color).css('background-color'));\n  cy.log(allColors);\n  const uniqColors = [...new Set(allColors)];\n  cy.log(uniqColors);\n  expect(allColors.length).to.eq(uniqColors.length);\n});",
              "err": {},
              "uuid": "314c0249-3741-44c1-a5b3-c18c201fdedf",
              "parentUUID": "68d3a0f9-6060-4291-8a6f-3fc452731338",
              "isHook": false,
              "skipped": false
            }
          ],
          "suites": [],
          "passes": [
            "75a679eb-c4c2-45db-b3b3-d0cd3f42314c",
            "6e8d4c4a-e3bf-40cb-9f88-b0f321a2e088",
            "7c75b418-52d5-46fb-85cc-8c629284d838",
            "0e98d906-1a8d-4812-b2ad-8d10bc9bff3c",
            "0a656978-2db9-4e1b-94c3-cb0aefd0bb04",
            "61240d94-6f08-4181-9821-52fb6f42cb12",
            "314c0249-3741-44c1-a5b3-c18c201fdedf"
          ],
          "failures": [],
          "pending": [],
          "skipped": [],
          "duration": 2354,
          "root": false,
          "rootEmpty": false,
          "_timeout": 2000
        },
        {
          "uuid": "1d1879df-3bca-4c94-8de0-579a6697213b",
          "title": "3 - Adicione a cor **preta** como a primeira cor da paleta de cores.",
          "fullFile": "",
          "file": "",
          "beforeHooks": [],
          "afterHooks": [],
          "tests": [
            {
              "title": "Verifica se a primeira cor da paleta é preta",
              "fullTitle": "3 - Adicione a cor **preta** como a primeira cor da paleta de cores. Verifica se a primeira cor da paleta é preta",
              "timedOut": null,
              "duration": 125,
              "state": "passed",
              "speed": "fast",
              "pass": true,
              "fail": false,
              "pending": false,
              "context": null,
              "code": "cy.get('.color').first().should('have.css', 'background-color', BLACK);",
              "err": {},
              "uuid": "baf09319-f9ae-4d73-b8b7-c159f65f309d",
              "parentUUID": "1d1879df-3bca-4c94-8de0-579a6697213b",
              "isHook": false,
              "skipped": false
            },
            {
              "title": "Verifica se as demais cores podem ser escolhidas livremente.",
              "fullTitle": "3 - Adicione a cor **preta** como a primeira cor da paleta de cores. Verifica se as demais cores podem ser escolhidas livremente.",
              "timedOut": null,
              "duration": 351,
              "state": "passed",
              "speed": "fast",
              "pass": true,
              "fail": false,
              "pending": false,
              "context": null,
              "code": "cy.get('.color').eq(1).should('not.have.css', 'background-color', BLACK);\ncy.get('.color').eq(1).should('not.have.css', 'background-color', WHITE);\ncy.get('.color').eq(1).should('not.have.css', 'background-color', 'rgba(0, 0, 0, 0)');\ncy.get('.color').eq(1).should('have.css', 'background-color');\ncy.get('.color').eq(2).should('not.have.css', 'background-color', BLACK);\ncy.get('.color').eq(2).should('not.have.css', 'background-color', WHITE);\ncy.get('.color').eq(2).should('not.have.css', 'background-color', 'rgba(0, 0, 0, 0)');\ncy.get('.color').eq(2).should('have.css', 'background-color');\ncy.get('.color').eq(3).should('not.have.css', 'background-color', BLACK);\ncy.get('.color').eq(3).should('not.have.css', 'background-color', WHITE);\ncy.get('.color').eq(3).should('not.have.css', 'background-color', 'rgba(0, 0, 0, 0)');\ncy.get('.color').eq(3).should('have.css', 'background-color');",
              "err": {},
              "uuid": "56bec5b3-5bfe-40d5-82d9-e2635eb0022a",
              "parentUUID": "1d1879df-3bca-4c94-8de0-579a6697213b",
              "isHook": false,
              "skipped": false
            }
          ],
          "suites": [],
          "passes": [
            "baf09319-f9ae-4d73-b8b7-c159f65f309d",
            "56bec5b3-5bfe-40d5-82d9-e2635eb0022a"
          ],
          "failures": [],
          "pending": [],
          "skipped": [],
          "duration": 476,
          "root": false,
          "rootEmpty": false,
          "_timeout": 2000
        },
        {
          "uuid": "a34be6e7-0037-480a-8233-77045b32807b",
          "title": "4 - Adicione à página um quadro de pixels, com 25 pixels.",
          "fullFile": "",
          "file": "",
          "beforeHooks": [],
          "afterHooks": [],
          "tests": [
            {
              "title": "Verifica se o quadro de pixels possui o `id` denominado `pixel-board`",
              "fullTitle": "4 - Adicione à página um quadro de pixels, com 25 pixels. Verifica se o quadro de pixels possui o `id` denominado `pixel-board`",
              "timedOut": null,
              "duration": 151,
              "state": "passed",
              "speed": "fast",
              "pass": true,
              "fail": false,
              "pending": false,
              "context": null,
              "code": "cy.get('#pixel-board').should('be.visible');",
              "err": {},
              "uuid": "b2772f51-8f4c-4499-9974-8a54280c1ff6",
              "parentUUID": "a34be6e7-0037-480a-8233-77045b32807b",
              "isHook": false,
              "skipped": false
            },
            {
              "title": "Verifica se cada pixel individual dentro do quadro possui a `classe` denominada `pixel`.",
              "fullTitle": "4 - Adicione à página um quadro de pixels, com 25 pixels. Verifica se cada pixel individual dentro do quadro possui a `classe` denominada `pixel`.",
              "timedOut": null,
              "duration": 174,
              "state": "passed",
              "speed": "fast",
              "pass": true,
              "fail": false,
              "pending": false,
              "context": null,
              "code": "cy.get('.pixel').should('have.length', 25);",
              "err": {},
              "uuid": "db14ec1f-261f-4ee0-b9ea-f59e12894263",
              "parentUUID": "a34be6e7-0037-480a-8233-77045b32807b",
              "isHook": false,
              "skipped": false
            },
            {
              "title": "Verifica se a cor inicial dos pixels dentro do quadro, ao abrir a página, é branca.",
              "fullTitle": "4 - Adicione à página um quadro de pixels, com 25 pixels. Verifica se a cor inicial dos pixels dentro do quadro, ao abrir a página, é branca.",
              "timedOut": null,
              "duration": 315,
              "state": "passed",
              "speed": "fast",
              "pass": true,
              "fail": false,
              "pending": false,
              "context": null,
              "code": "cy.get('.pixel').should('have.length', 25).each(pixel => {\n  expect(pixel).to.have.css('background-color', WHITE);\n});",
              "err": {},
              "uuid": "28cd59ef-a4cb-4133-b0b5-0daf964abc7b",
              "parentUUID": "a34be6e7-0037-480a-8233-77045b32807b",
              "isHook": false,
              "skipped": false
            },
            {
              "title": "Verifica se o quadro de pixels aparece abaixo da paleta de cores",
              "fullTitle": "4 - Adicione à página um quadro de pixels, com 25 pixels. Verifica se o quadro de pixels aparece abaixo da paleta de cores",
              "timedOut": null,
              "duration": 172,
              "state": "passed",
              "speed": "fast",
              "pass": true,
              "fail": false,
              "pending": false,
              "context": null,
              "code": "cy.get('#color-palette').then(palette => {\n  cy.get('#pixel-board').should('be.belowOf', palette);\n});",
              "err": {},
              "uuid": "08b1f1ab-444b-473e-a2fd-c7a2c925c33d",
              "parentUUID": "a34be6e7-0037-480a-8233-77045b32807b",
              "isHook": false,
              "skipped": false
            }
          ],
          "suites": [],
          "passes": [
            "b2772f51-8f4c-4499-9974-8a54280c1ff6",
            "db14ec1f-261f-4ee0-b9ea-f59e12894263",
            "28cd59ef-a4cb-4133-b0b5-0daf964abc7b",
            "08b1f1ab-444b-473e-a2fd-c7a2c925c33d"
          ],
          "failures": [],
          "pending": [],
          "skipped": [],
          "duration": 812,
          "root": false,
          "rootEmpty": false,
          "_timeout": 2000
        },
        {
          "uuid": "d8f4a373-7d64-4070-9fa5-0bdbb0c81bee",
          "title": "5 - Faça com que cada elemento do quadro de pixels possua 40 pixels de largura, 40 pixels de altura e seja delimitado por uma borda preta de 1 pixel.",
          "fullFile": "",
          "file": "",
          "beforeHooks": [],
          "afterHooks": [],
          "tests": [
            {
              "title": "Verifica se o quadro de pixels tem altura e comprimento de 5 elementos",
              "fullTitle": "5 - Faça com que cada elemento do quadro de pixels possua 40 pixels de largura, 40 pixels de altura e seja delimitado por uma borda preta de 1 pixel. Verifica se o quadro de pixels tem altura e comprimento de 5 elementos",
              "timedOut": null,
              "duration": 388,
              "state": "passed",
              "speed": "fast",
              "pass": true,
              "fail": false,
              "pending": false,
              "context": null,
              "code": "cy.get('.pixel').should('have.length', 25).each(pixel => {\n  expect(pixel).to.have.css('background-color', WHITE);\n}).and(pixels => {\n  const rows = chunk(pixels, 5);\n  rows.forEach(row => {\n    for (let index = 1; index < row.length; index += 1) {\n      const current = pixels[index];\n      const previous = pixels[index - 1];\n      cy.wrap(current).should('be.onTheRightOf', previous).and('be.horizontallyAlignedWith', previous);\n    }\n  });\n  for (let index = 1; index < 5; index += 1) {\n    expect(pixels[index * 5]).to.be.belowOf(pixels[(index - 1) * 5]);\n  }\n});",
              "err": {},
              "uuid": "6b9a7b34-5d19-4ab7-9c9e-0e2adccab200",
              "parentUUID": "d8f4a373-7d64-4070-9fa5-0bdbb0c81bee",
              "isHook": false,
              "skipped": false
            },
            {
              "title": "Verifica se 40 pixels é o tamanho total do elemento, incluindo seu conteúdo e excluindo a borda preta, que deve ser criada à parte.",
              "fullTitle": "5 - Faça com que cada elemento do quadro de pixels possua 40 pixels de largura, 40 pixels de altura e seja delimitado por uma borda preta de 1 pixel. Verifica se 40 pixels é o tamanho total do elemento, incluindo seu conteúdo e excluindo a borda preta, que deve ser criada à parte.",
              "timedOut": null,
              "duration": 445,
              "state": "passed",
              "speed": "fast",
              "pass": true,
              "fail": false,
              "pending": false,
              "context": null,
              "code": "cy.get('.pixel').each(pixel => {\n  cy.wrap(pixel).should('have.css', 'height', '40px').and('have.css', 'width', '40px').and('have.css', 'border', `1px solid ${BLACK}`);\n});",
              "err": {},
              "uuid": "534c81c6-d302-4aa8-988f-4bc5a3788baa",
              "parentUUID": "d8f4a373-7d64-4070-9fa5-0bdbb0c81bee",
              "isHook": false,
              "skipped": false
            }
          ],
          "suites": [],
          "passes": [
            "6b9a7b34-5d19-4ab7-9c9e-0e2adccab200",
            "534c81c6-d302-4aa8-988f-4bc5a3788baa"
          ],
          "failures": [],
          "pending": [],
          "skipped": [],
          "duration": 833,
          "root": false,
          "rootEmpty": false,
          "_timeout": 2000
        },
        {
          "uuid": "e8b3cee6-e0f2-43fd-9d5e-bc0067e7f473",
          "title": "6 - Defina a cor preta como cor inicial. Ao carregar a página a cor preta já deve estar selecionada para pintar os pixels",
          "fullFile": "",
          "file": "",
          "beforeHooks": [],
          "afterHooks": [],
          "tests": [
            {
              "title": "Verifica se o elemento da cor preta possui, inicialmente, a `classe` `selected`",
              "fullTitle": "6 - Defina a cor preta como cor inicial. Ao carregar a página a cor preta já deve estar selecionada para pintar os pixels Verifica se o elemento da cor preta possui, inicialmente, a `classe` `selected`",
              "timedOut": null,
              "duration": 133,
              "state": "passed",
              "speed": "fast",
              "pass": true,
              "fail": false,
              "pending": false,
              "context": null,
              "code": "cy.get('.selected').first().should('have.css', 'background-color', BLACK);",
              "err": {},
              "uuid": "b3474ae8-4049-4172-9edc-db4325d1ff3c",
              "parentUUID": "e8b3cee6-e0f2-43fd-9d5e-bc0067e7f473",
              "isHook": false,
              "skipped": false
            },
            {
              "title": "Verifica se nenhuma outra cor da paleta tem a `classe` `selected`",
              "fullTitle": "6 - Defina a cor preta como cor inicial. Ao carregar a página a cor preta já deve estar selecionada para pintar os pixels Verifica se nenhuma outra cor da paleta tem a `classe` `selected`",
              "timedOut": null,
              "duration": 131,
              "state": "passed",
              "speed": "fast",
              "pass": true,
              "fail": false,
              "pending": false,
              "context": null,
              "code": "cy.get('.color:not(:first-child)').each(color => {\n  cy.wrap(color).should('not.have.class', 'selected');\n});",
              "err": {},
              "uuid": "6915de06-965d-4bbb-b15d-912860b2a6ee",
              "parentUUID": "e8b3cee6-e0f2-43fd-9d5e-bc0067e7f473",
              "isHook": false,
              "skipped": false
            }
          ],
          "suites": [],
          "passes": [
            "b3474ae8-4049-4172-9edc-db4325d1ff3c",
            "6915de06-965d-4bbb-b15d-912860b2a6ee"
          ],
          "failures": [],
          "pending": [],
          "skipped": [],
          "duration": 264,
          "root": false,
          "rootEmpty": false,
          "_timeout": 2000
        },
        {
          "uuid": "f87bc4ab-9837-47cc-ad72-ec5f405453ad",
          "title": "7 - Clicar em uma das cores da paleta, faz com que ela seja selecionada e utilizada para preencher os pixels no quadro.",
          "fullFile": "",
          "file": "",
          "beforeHooks": [],
          "afterHooks": [],
          "tests": [
            {
              "title": "Verifica se somente uma cor da paleta de cores tem a classe `selected` de cada vez",
              "fullTitle": "7 - Clicar em uma das cores da paleta, faz com que ela seja selecionada e utilizada para preencher os pixels no quadro. Verifica se somente uma cor da paleta de cores tem a classe `selected` de cada vez",
              "timedOut": null,
              "duration": 586,
              "state": "passed",
              "speed": "fast",
              "pass": true,
              "fail": false,
              "pending": false,
              "context": null,
              "code": "cy.get('.color').each((selectedColor, selectedColorIndex) => {\n  cy.wrap(selectedColor).click();\n  cy.get('.color').each((color, colorIndex) => {\n    if (colorIndex === selectedColorIndex) {\n      expect(color).to.have.class('selected');\n    } else {\n      expect(color).not.to.have.class('selected');\n    }\n  });\n});",
              "err": {},
              "uuid": "131f2b91-5e3d-42da-8fce-77de526eb9ab",
              "parentUUID": "f87bc4ab-9837-47cc-ad72-ec5f405453ad",
              "isHook": false,
              "skipped": false
            },
            {
              "title": "Verifica se os pixels dentro do quadro não têm a classe `selected` quando são clicados",
              "fullTitle": "7 - Clicar em uma das cores da paleta, faz com que ela seja selecionada e utilizada para preencher os pixels no quadro. Verifica se os pixels dentro do quadro não têm a classe `selected` quando são clicados",
              "timedOut": null,
              "duration": 9623,
              "state": "passed",
              "speed": "medium",
              "pass": true,
              "fail": false,
              "pending": false,
              "context": null,
              "code": "cy.get('.color').each(color => {\n  const backgroundColor = color.css('background-color');\n  cy.wrap(color).click();\n  cy.get('.pixel').each(pixel => {\n    cy.wrap(pixel).click().should('not.have.class', 'selected');\n  });\n});",
              "err": {},
              "uuid": "7c224507-46e9-4b28-90fe-a0a5b33d58c8",
              "parentUUID": "f87bc4ab-9837-47cc-ad72-ec5f405453ad",
              "isHook": false,
              "skipped": false
            }
          ],
          "suites": [],
          "passes": [
            "131f2b91-5e3d-42da-8fce-77de526eb9ab",
            "7c224507-46e9-4b28-90fe-a0a5b33d58c8"
          ],
          "failures": [],
          "pending": [],
          "skipped": [],
          "duration": 10209,
          "root": false,
          "rootEmpty": false,
          "_timeout": 2000
        },
        {
          "uuid": "d5085ab0-86b6-41e9-b10c-572ab4947e11",
          "title": "8 - Clicar em um pixel dentro do quadro após selecionar uma cor na paleta, faz com que o pixel seja preenchido com a cor selecionada.",
          "fullFile": "",
          "file": "",
          "beforeHooks": [],
          "afterHooks": [],
          "tests": [
            {
              "title": "Verifica se ao carregar a página deve ser possível pintar os pixels de preto",
              "fullTitle": "8 - Clicar em um pixel dentro do quadro após selecionar uma cor na paleta, faz com que o pixel seja preenchido com a cor selecionada. Verifica se ao carregar a página deve ser possível pintar os pixels de preto",
              "timedOut": null,
              "duration": 2366,
              "state": "passed",
              "speed": "fast",
              "pass": true,
              "fail": false,
              "pending": false,
              "context": null,
              "code": "cy.get('.pixel').each(pixel => {\n  cy.wrap(pixel).click().should('have.css', 'background-color', BLACK);\n});",
              "err": {},
              "uuid": "8504aaf0-c7ba-4d5a-a9cc-8e41e1fe0386",
              "parentUUID": "d5085ab0-86b6-41e9-b10c-572ab4947e11",
              "isHook": false,
              "skipped": false
            },
            {
              "title": "Verifica se após selecionar uma outra cor na paleta, é possível pintar os pixels com essa cor",
              "fullTitle": "8 - Clicar em um pixel dentro do quadro após selecionar uma cor na paleta, faz com que o pixel seja preenchido com a cor selecionada. Verifica se após selecionar uma outra cor na paleta, é possível pintar os pixels com essa cor",
              "timedOut": null,
              "duration": 9494,
              "state": "passed",
              "speed": "medium",
              "pass": true,
              "fail": false,
              "pending": false,
              "context": null,
              "code": "cy.get('.color').each(color => {\n  const backgroundColor = color.css('background-color');\n  cy.wrap(color).click();\n  cy.get('.pixel').each(pixel => {\n    cy.wrap(pixel).click().should('have.css', 'background-color', backgroundColor);\n  });\n});",
              "err": {},
              "uuid": "9c310362-652b-437b-8d36-293f82417f73",
              "parentUUID": "d5085ab0-86b6-41e9-b10c-572ab4947e11",
              "isHook": false,
              "skipped": false
            },
            {
              "title": "Verifica se somente o pixel que foi clicado foi preenchido com a cor selecionada, sem influenciar na cor dos demais pixels.",
              "fullTitle": "8 - Clicar em um pixel dentro do quadro após selecionar uma cor na paleta, faz com que o pixel seja preenchido com a cor selecionada. Verifica se somente o pixel que foi clicado foi preenchido com a cor selecionada, sem influenciar na cor dos demais pixels.",
              "timedOut": null,
              "duration": 1637,
              "state": "passed",
              "speed": "fast",
              "pass": true,
              "fail": false,
              "pending": false,
              "context": null,
              "code": "const colorToPixelIndexMap = {\n  0: 6,\n  1: 8,\n  2: 16,\n  3: 18\n};\ncy.get('.color').each((color, index) => {\n  cy.wrap(color).click();\n  const backgroundColor = color.css('background-color');\n  const clickedPixelIndex = colorToPixelIndexMap[index];\n  cy.get('.pixel').eq(clickedPixelIndex).click();\n  cy.get('.pixel').eq(clickedPixelIndex - 1).should('not.have.css', 'background-color', backgroundColor);\n  cy.get('.pixel').eq(clickedPixelIndex + 1).should('not.have.css', 'background-color', backgroundColor);\n  cy.get('.pixel').eq(clickedPixelIndex - 5).should('not.have.css', 'background-color', backgroundColor);\n  cy.get('.pixel').eq(clickedPixelIndex + 5).should('not.have.css', 'background-color', backgroundColor);\n  cy.get('.pixel').eq(clickedPixelIndex - 6).should('not.have.css', 'background-color', backgroundColor);\n  cy.get('.pixel').eq(clickedPixelIndex - 4).should('not.have.css', 'background-color', backgroundColor);\n  cy.get('.pixel').eq(clickedPixelIndex + 4).should('not.have.css', 'background-color', backgroundColor);\n  cy.get('.pixel').eq(clickedPixelIndex + 6).should('not.have.css', 'background-color', backgroundColor);\n});",
              "err": {},
              "uuid": "ce16d94d-14d6-42c8-a2ce-111cd84611bb",
              "parentUUID": "d5085ab0-86b6-41e9-b10c-572ab4947e11",
              "isHook": false,
              "skipped": false
            }
          ],
          "suites": [],
          "passes": [
            "8504aaf0-c7ba-4d5a-a9cc-8e41e1fe0386",
            "9c310362-652b-437b-8d36-293f82417f73",
            "ce16d94d-14d6-42c8-a2ce-111cd84611bb"
          ],
          "failures": [],
          "pending": [],
          "skipped": [],
          "duration": 13497,
          "root": false,
          "rootEmpty": false,
          "_timeout": 2000
        },
        {
          "uuid": "15ee15c0-dbf4-4b9d-aad3-3534021f4c44",
          "title": "9 - Crie um botão que, ao ser clicado, limpa o quadro preenchendo a cor de todos seus pixels com branco.",
          "fullFile": "",
          "file": "",
          "beforeHooks": [],
          "afterHooks": [],
          "tests": [
            {
              "title": "Verifica se o botão tem o `id` denominado `clear-board`",
              "fullTitle": "9 - Crie um botão que, ao ser clicado, limpa o quadro preenchendo a cor de todos seus pixels com branco. Verifica se o botão tem o `id` denominado `clear-board`",
              "timedOut": null,
              "duration": 102,
              "state": "passed",
              "speed": "fast",
              "pass": true,
              "fail": false,
              "pending": false,
              "context": null,
              "code": "cy.get('#clear-board').should('be.visible');",
              "err": {},
              "uuid": "5e95cbe6-06b2-433b-a8f5-6b7ad6eb4e9c",
              "parentUUID": "15ee15c0-dbf4-4b9d-aad3-3534021f4c44",
              "isHook": false,
              "skipped": false
            },
            {
              "title": "Verifica se o botão está posicionado entre a paleta de cores e o quadro de pixels",
              "fullTitle": "9 - Crie um botão que, ao ser clicado, limpa o quadro preenchendo a cor de todos seus pixels com branco. Verifica se o botão está posicionado entre a paleta de cores e o quadro de pixels",
              "timedOut": null,
              "duration": 92,
              "state": "passed",
              "speed": "fast",
              "pass": true,
              "fail": false,
              "pending": false,
              "context": null,
              "code": "cy.get('#color-palette').then(palette => {\n  cy.get('#clear-board').should('be.belowOf', palette);\n});\ncy.get('#clear-board').then(clearBtn => {\n  cy.get('#pixel-board').should('be.belowOf', clearBtn);\n});",
              "err": {},
              "uuid": "262ede19-3a91-47c1-8faa-45cd34ae1da4",
              "parentUUID": "15ee15c0-dbf4-4b9d-aad3-3534021f4c44",
              "isHook": false,
              "skipped": false
            },
            {
              "title": "Verifica se o texto do botão é 'Limpar'",
              "fullTitle": "9 - Crie um botão que, ao ser clicado, limpa o quadro preenchendo a cor de todos seus pixels com branco. Verifica se o texto do botão é 'Limpar'",
              "timedOut": null,
              "duration": 86,
              "state": "passed",
              "speed": "fast",
              "pass": true,
              "fail": false,
              "pending": false,
              "context": null,
              "code": "cy.get('#clear-board').should('contain.text', 'Limpar');",
              "err": {},
              "uuid": "2ee94a80-3f80-40e2-a8eb-8d27a1acc208",
              "parentUUID": "15ee15c0-dbf4-4b9d-aad3-3534021f4c44",
              "isHook": false,
              "skipped": false
            },
            {
              "title": "Verifica se ao clicar no botão, o quadro de pixels é totalmente preenchido de branco",
              "fullTitle": "9 - Crie um botão que, ao ser clicado, limpa o quadro preenchendo a cor de todos seus pixels com branco. Verifica se ao clicar no botão, o quadro de pixels é totalmente preenchido de branco",
              "timedOut": null,
              "duration": 2594,
              "state": "passed",
              "speed": "fast",
              "pass": true,
              "fail": false,
              "pending": false,
              "context": null,
              "code": "cy.get('.color').eq(1).then(color => {\n  const backgroundColor = color.css('background-color');\n  cy.wrap(color).click();\n  cy.get('.pixel').each(pixel => {\n    cy.wrap(pixel).click().should('have.css', 'background-color', backgroundColor);\n  });\n});\ncy.get('#clear-board').click();\ncy.get('.pixel').each(pixel => {\n  cy.wrap(pixel).should('have.css', 'background-color', WHITE);\n});",
              "err": {},
              "uuid": "0c8a4c6c-b4aa-4062-8a24-dd3dc3928460",
              "parentUUID": "15ee15c0-dbf4-4b9d-aad3-3534021f4c44",
              "isHook": false,
              "skipped": false
            }
          ],
          "suites": [],
          "passes": [
            "5e95cbe6-06b2-433b-a8f5-6b7ad6eb4e9c",
            "262ede19-3a91-47c1-8faa-45cd34ae1da4",
            "2ee94a80-3f80-40e2-a8eb-8d27a1acc208",
            "0c8a4c6c-b4aa-4062-8a24-dd3dc3928460"
          ],
          "failures": [],
          "pending": [],
          "skipped": [],
          "duration": 2874,
          "root": false,
          "rootEmpty": false,
          "_timeout": 2000
        },
        {
          "uuid": "77b725fe-663c-4b76-a70f-f85636bb492a",
          "title": "10 - Faça o quadro de pixels ter seu tamanho definido pelo usuário.",
          "fullFile": "",
          "file": "",
          "beforeHooks": [],
          "afterHooks": [],
          "tests": [
            {
              "title": "Verifica se existe um input com o id `board-size`",
              "fullTitle": "10 - Faça o quadro de pixels ter seu tamanho definido pelo usuário. Verifica se existe um input com o id `board-size`",
              "timedOut": null,
              "duration": 114,
              "state": "passed",
              "speed": "fast",
              "pass": true,
              "fail": false,
              "pending": false,
              "context": null,
              "code": "cy.get('#board-size').should('be.visible');",
              "err": {},
              "uuid": "e66f742b-e68d-4450-bacb-26dee8a2f5d3",
              "parentUUID": "77b725fe-663c-4b76-a70f-f85636bb492a",
              "isHook": false,
              "skipped": false
            },
            {
              "title": "Verifica se existe um botão com o id `generate-board`",
              "fullTitle": "10 - Faça o quadro de pixels ter seu tamanho definido pelo usuário. Verifica se existe um botão com o id `generate-board`",
              "timedOut": null,
              "duration": 79,
              "state": "passed",
              "speed": "fast",
              "pass": true,
              "fail": false,
              "pending": false,
              "context": null,
              "code": "cy.get('#generate-board').should('be.visible');",
              "err": {},
              "uuid": "fde37de3-63c1-4ddf-ba62-47e8aea82019",
              "parentUUID": "77b725fe-663c-4b76-a70f-f85636bb492a",
              "isHook": false,
              "skipped": false
            },
            {
              "title": "Verifica se o input só aceita número maiores que zero. Essa restrição deve ser feita usando os atributos do elemento `input`",
              "fullTitle": "10 - Faça o quadro de pixels ter seu tamanho definido pelo usuário. Verifica se o input só aceita número maiores que zero. Essa restrição deve ser feita usando os atributos do elemento `input`",
              "timedOut": null,
              "duration": 63,
              "state": "passed",
              "speed": "fast",
              "pass": true,
              "fail": false,
              "pending": false,
              "context": null,
              "code": "cy.get('#board-size[type=\\'number\\'][min=\\'1\\']');",
              "err": {},
              "uuid": "384a519e-3d03-4118-913f-de44bb903c6b",
              "parentUUID": "77b725fe-663c-4b76-a70f-f85636bb492a",
              "isHook": false,
              "skipped": false
            },
            {
              "title": "Verifica se o botão contém o texto 'VQV'",
              "fullTitle": "10 - Faça o quadro de pixels ter seu tamanho definido pelo usuário. Verifica se o botão contém o texto 'VQV'",
              "timedOut": null,
              "duration": 115,
              "state": "passed",
              "speed": "fast",
              "pass": true,
              "fail": false,
              "pending": false,
              "context": null,
              "code": "cy.get('#generate-board').contains(/vqv/i);",
              "err": {},
              "uuid": "b771ef7c-f4c1-4312-87f9-38655a10b366",
              "parentUUID": "77b725fe-663c-4b76-a70f-f85636bb492a",
              "isHook": false,
              "skipped": false
            },
            {
              "title": "Verifica se o input está posicionado entre a paleta de cores e o quadro de pixels",
              "fullTitle": "10 - Faça o quadro de pixels ter seu tamanho definido pelo usuário. Verifica se o input está posicionado entre a paleta de cores e o quadro de pixels",
              "timedOut": null,
              "duration": 118,
              "state": "passed",
              "speed": "fast",
              "pass": true,
              "fail": false,
              "pending": false,
              "context": null,
              "code": "cy.get('#color-palette').then(palette => {\n  cy.get('#board-size').should('be.belowOf', palette);\n});\ncy.get('#board-size').then(palette => {\n  cy.get('#pixel-board').should('be.belowOf', palette);\n});",
              "err": {},
              "uuid": "50719e43-7404-44e9-9019-19124c71acda",
              "parentUUID": "77b725fe-663c-4b76-a70f-f85636bb492a",
              "isHook": false,
              "skipped": false
            },
            {
              "title": "Verifica se o botão está posicionado ao lado do input",
              "fullTitle": "10 - Faça o quadro de pixels ter seu tamanho definido pelo usuário. Verifica se o botão está posicionado ao lado do input",
              "timedOut": null,
              "duration": 92,
              "state": "passed",
              "speed": "fast",
              "pass": true,
              "fail": false,
              "pending": false,
              "context": null,
              "code": "cy.get('#board-size').then(board => {\n  cy.get('#generate-board').should('be.onTheRightOf', board);\n});",
              "err": {},
              "uuid": "228d154d-3ed0-4a03-b048-bfb4c732d82a",
              "parentUUID": "77b725fe-663c-4b76-a70f-f85636bb492a",
              "isHook": false,
              "skipped": false
            },
            {
              "title": "Verifica se nenhum valor for colocado no input ao clicar no botão, um `alert` é exibido com o texto: 'Board inválido!'",
              "fullTitle": "10 - Faça o quadro de pixels ter seu tamanho definido pelo usuário. Verifica se nenhum valor for colocado no input ao clicar no botão, um `alert` é exibido com o texto: 'Board inválido!'",
              "timedOut": null,
              "duration": 211,
              "state": "passed",
              "speed": "fast",
              "pass": true,
              "fail": false,
              "pending": false,
              "context": null,
              "code": "let alerted = false;\ncy.on('window:alert', msg => alerted = msg);\ncy.get('#generate-board').click().then(() => expect(alerted).to.match(/Board inválido!/i));",
              "err": {},
              "uuid": "ff4df3fc-6a25-449e-95f8-0b6f7bc7fc87",
              "parentUUID": "77b725fe-663c-4b76-a70f-f85636bb492a",
              "isHook": false,
              "skipped": false
            },
            {
              "title": "Verifica se ao clicar no botão com um valor preenchido, o tamanho do board muda.",
              "fullTitle": "10 - Faça o quadro de pixels ter seu tamanho definido pelo usuário. Verifica se ao clicar no botão com um valor preenchido, o tamanho do board muda.",
              "timedOut": null,
              "duration": 4665,
              "state": "failed",
              "speed": null,
              "pass": false,
              "fail": true,
              "pending": false,
              "context": null,
              "code": "cy.get('#board-size').clear().type(10);\ncy.get('#generate-board').click();\ncy.get('.pixel').should('have.length', 100);",
              "err": {
                "message": "AssertionError: Timed out retrying after 4000ms: Not enough elements found. Found '25', expected '100'.",
                "estack": "AssertionError: Timed out retrying after 4000ms: Not enough elements found. Found '25', expected '100'.\n    at Context.eval (http://localhost:51832/__cypress/tests?p=cypress/integration/project.spec.js:392:22)",
                "diff": "- 25\n+ 100\n"
              },
              "uuid": "37753170-0755-4694-b478-6f703b676825",
              "parentUUID": "77b725fe-663c-4b76-a70f-f85636bb492a",
              "isHook": false,
              "skipped": false
            },
            {
              "title": "Verifica se o novo quadro tem todos os pixels preenchidos com a cor branca",
              "fullTitle": "10 - Faça o quadro de pixels ter seu tamanho definido pelo usuário. Verifica se o novo quadro tem todos os pixels preenchidos com a cor branca",
              "timedOut": null,
              "duration": 4555,
              "state": "failed",
              "speed": null,
              "pass": false,
              "fail": true,
              "pending": false,
              "context": null,
              "code": "cy.get('#board-size').clear().type(6);\ncy.get('#generate-board').click();\ncy.get('.pixel').should('have.length', 36).each(pixel => {\n  expect(pixel).to.have.css('background-color', WHITE);\n});",
              "err": {
                "message": "AssertionError: Timed out retrying after 4000ms: Not enough elements found. Found '25', expected '36'.",
                "estack": "AssertionError: Timed out retrying after 4000ms: Not enough elements found. Found '25', expected '36'.\n    at Context.eval (http://localhost:51832/__cypress/tests?p=cypress/integration/project.spec.js:397:22)",
                "diff": "- 25\n+ 36\n"
              },
              "uuid": "626ac3d2-95cc-4f8a-879c-d8f8b37c393a",
              "parentUUID": "77b725fe-663c-4b76-a70f-f85636bb492a",
              "isHook": false,
              "skipped": false
            }
          ],
          "suites": [],
          "passes": [
            "e66f742b-e68d-4450-bacb-26dee8a2f5d3",
            "fde37de3-63c1-4ddf-ba62-47e8aea82019",
            "384a519e-3d03-4118-913f-de44bb903c6b",
            "b771ef7c-f4c1-4312-87f9-38655a10b366",
            "50719e43-7404-44e9-9019-19124c71acda",
            "228d154d-3ed0-4a03-b048-bfb4c732d82a",
            "ff4df3fc-6a25-449e-95f8-0b6f7bc7fc87"
          ],
          "failures": [
            "37753170-0755-4694-b478-6f703b676825",
            "626ac3d2-95cc-4f8a-879c-d8f8b37c393a"
          ],
          "pending": [],
          "skipped": [],
          "duration": 10012,
          "root": false,
          "rootEmpty": false,
          "_timeout": 2000
        },
        {
          "uuid": "1a7a8894-44b1-4092-9208-0f8a72b47ea9",
          "title": "11 - Limite o tamanho mínimo e máximo do board.",
          "fullFile": "",
          "file": "",
          "beforeHooks": [],
          "afterHooks": [],
          "tests": [
            {
              "title": "Verifica se a altura máxima do board é 50",
              "fullTitle": "11 - Limite o tamanho mínimo e máximo do board. Verifica se a altura máxima do board é 50",
              "timedOut": null,
              "duration": 4467,
              "state": "failed",
              "speed": null,
              "pass": false,
              "fail": true,
              "pending": false,
              "context": null,
              "code": "cy.get('#board-size').clear().type(50);\ncy.get('#generate-board').click();\ncy.get('.pixel').should('have.length', 2500);",
              "err": {
                "message": "AssertionError: Timed out retrying after 4000ms: Not enough elements found. Found '25', expected '2500'.",
                "estack": "AssertionError: Timed out retrying after 4000ms: Not enough elements found. Found '25', expected '2500'.\n    at Context.eval (http://localhost:51832/__cypress/tests?p=cypress/integration/project.spec.js:409:22)",
                "diff": "- 25\n+ 2500\n"
              },
              "uuid": "379f76b5-3775-467c-b7b1-c8b650ed6adc",
              "parentUUID": "1a7a8894-44b1-4092-9208-0f8a72b47ea9",
              "isHook": false,
              "skipped": false
            },
            {
              "title": "Verifica se a altura do board é 5 quando um valor menor é colocado no input",
              "fullTitle": "11 - Limite o tamanho mínimo e máximo do board. Verifica se a altura do board é 5 quando um valor menor é colocado no input",
              "timedOut": null,
              "duration": 473,
              "state": "passed",
              "speed": "fast",
              "pass": true,
              "fail": false,
              "pending": false,
              "context": null,
              "code": "cy.get('#board-size').clear().type(4);\ncy.get('#generate-board').click();\ncy.get('.pixel').should('have.length', 25);",
              "err": {},
              "uuid": "6574c946-afe1-48f7-9d30-b3fbfd58a973",
              "parentUUID": "1a7a8894-44b1-4092-9208-0f8a72b47ea9",
              "isHook": false,
              "skipped": false
            },
            {
              "title": "Verifica se a altura do board é 50 quando um valor maior é colocado no input",
              "fullTitle": "11 - Limite o tamanho mínimo e máximo do board. Verifica se a altura do board é 50 quando um valor maior é colocado no input",
              "timedOut": null,
              "duration": 4474,
              "state": "failed",
              "speed": null,
              "pass": false,
              "fail": true,
              "pending": false,
              "context": null,
              "code": "cy.get('#board-size').clear().type(51);\ncy.get('#generate-board').click();\ncy.get('.pixel').should('have.length', 2500);",
              "err": {
                "message": "AssertionError: Timed out retrying after 4000ms: Not enough elements found. Found '25', expected '2500'.",
                "estack": "AssertionError: Timed out retrying after 4000ms: Not enough elements found. Found '25', expected '2500'.\n    at Context.eval (http://localhost:51832/__cypress/tests?p=cypress/integration/project.spec.js:419:22)",
                "diff": "- 25\n+ 2500\n"
              },
              "uuid": "52ee5597-7910-4fad-b2a8-6e9929ae425b",
              "parentUUID": "1a7a8894-44b1-4092-9208-0f8a72b47ea9",
              "isHook": false,
              "skipped": false
            }
          ],
          "suites": [],
          "passes": [
            "6574c946-afe1-48f7-9d30-b3fbfd58a973"
          ],
          "failures": [
            "379f76b5-3775-467c-b7b1-c8b650ed6adc",
            "52ee5597-7910-4fad-b2a8-6e9929ae425b"
          ],
          "pending": [],
          "skipped": [],
          "duration": 9414,
          "root": false,
          "rootEmpty": false,
          "_timeout": 2000
        },
        {
          "uuid": "4a051263-a988-4e31-a07f-fd8372a7030b",
          "title": "12 - Faça com que as cores da paleta sejam geradas aleatoriamente ao carregar a página.",
          "fullFile": "",
          "file": "",
          "beforeHooks": [],
          "afterHooks": [],
          "tests": [
            {
              "title": "Verifica se as cores geradas na paleta são diferentes a cada carregamento da página",
              "fullTitle": "12 - Faça com que as cores da paleta sejam geradas aleatoriamente ao carregar a página. Verifica se as cores geradas na paleta são diferentes a cada carregamento da página",
              "timedOut": null,
              "duration": 374,
              "state": "passed",
              "speed": "fast",
              "pass": true,
              "fail": false,
              "pending": false,
              "context": null,
              "code": "cy.get('.color').then(colors => {\n  let currentColors;\n  let previousColors;\n  previousColors = Array.from(colors).map(color => Cypress.$(color).css('background-color'));\n  for (let i = 0; i < 5; i += 1) {\n    cy.reload();\n    cy.get('.color').then(colors => {\n      currentColors = Array.from(colors).map(color => Cypress.$(color).css('background-color'));\n      expect(currentColors).not.to.deep.equal(previousColors);\n      previousColors = currentColors;\n    });\n  }\n});",
              "err": {},
              "uuid": "99e1ddcd-41e8-444d-906f-798bfb545a8d",
              "parentUUID": "4a051263-a988-4e31-a07f-fd8372a7030b",
              "isHook": false,
              "skipped": false
            },
            {
              "title": "Verifica se a cor preta ainda está presente e é a primeira na sua paleta de cores",
              "fullTitle": "12 - Faça com que as cores da paleta sejam geradas aleatoriamente ao carregar a página. Verifica se a cor preta ainda está presente e é a primeira na sua paleta de cores",
              "timedOut": null,
              "duration": 418,
              "state": "passed",
              "speed": "fast",
              "pass": true,
              "fail": false,
              "pending": false,
              "context": null,
              "code": "cy.get('.color').then(colors => {\n  let currentColors;\n  let previousColors;\n  previousColors = Array.from(colors).map(color => Cypress.$(color).css('background-color'));\n  expect(previousColors[0]).to.eq(BLACK);\n  for (let i = 0; i < 5; i += 1) {\n    cy.reload();\n    cy.get('.color').then(colors => {\n      currentColors = Array.from(colors).map(color => Cypress.$(color).css('background-color'));\n      expect(currentColors[0]).to.eq(BLACK);\n      expect(currentColors).not.to.deep.equal(previousColors);\n      previousColors = currentColors;\n    });\n  }\n});",
              "err": {},
              "uuid": "412f306f-9a4a-4c3b-ae80-d24280a817a1",
              "parentUUID": "4a051263-a988-4e31-a07f-fd8372a7030b",
              "isHook": false,
              "skipped": false
            }
          ],
          "suites": [],
          "passes": [
            "99e1ddcd-41e8-444d-906f-798bfb545a8d",
            "412f306f-9a4a-4c3b-ae80-d24280a817a1"
          ],
          "failures": [],
          "pending": [],
          "skipped": [],
          "duration": 792,
          "root": false,
          "rootEmpty": false,
          "_timeout": 2000
        }
      ],
      "passes": [],
      "failures": [],
      "pending": [],
      "skipped": [],
      "duration": 0,
      "root": true,
      "rootEmpty": true,
      "_timeout": 2000
    }
  ],
  "meta": {
    "mocha": {
      "version": "7.0.1"
    },
    "mochawesome": {
      "options": {
        "quiet": false,
        "reportFilename": "mochawesome",
        "saveHtml": false,
        "saveJson": true,
        "consoleReporter": "spec",
        "useInlineDiffs": false
      },
      "version": "4.1.0"
    },
    "marge": {
      "options": {
        "id": "default",
        "reportDir": "cypress/reports",
        "overwrite": true,
        "html": false,
        "json": true
      },
      "version": "4.1.0"
    }
  }
}