{
  "stats": {
    "suites": 12,
    "tests": 41,
    "passes": 3,
    "pending": 0,
    "failures": 38,
    "start": "2021-12-09T18:50:22.228Z",
    "end": "2021-12-09T18:52:50.538Z",
    "duration": 148310,
    "testsRegistered": 41,
    "passPercent": 7.317073170731707,
    "pendingPercent": 0,
    "other": 0,
    "hasOther": false,
    "skipped": 0,
    "hasSkipped": false
  },
  "results": [
    {
      "uuid": "7cedbfc7-fd8c-469b-97b2-fe3650b8162f",
      "title": "",
      "fullFile": "cypress/integration/project.spec.js",
      "file": "cypress/integration/project.spec.js",
      "beforeHooks": [],
      "afterHooks": [],
      "tests": [],
      "suites": [
        {
          "uuid": "9d519464-1c9f-4e39-9f55-a99968c9e2c1",
          "title": "1 - Adicione à página o título \"Paleta de Cores\".",
          "fullFile": "",
          "file": "",
          "beforeHooks": [],
          "afterHooks": [],
          "tests": [
            {
              "title": "Verifica se contém um elemento `h1` com o id `title` com o título correto",
              "fullTitle": "1 - Adicione à página o título \"Paleta de Cores\". Verifica se contém um elemento `h1` com o id `title` com o título correto",
              "timedOut": null,
              "duration": 4930,
              "state": "failed",
              "speed": null,
              "pass": false,
              "fail": true,
              "pending": false,
              "context": null,
              "code": "cy.get('h1#title').should('contain.text', 'Paleta de Cores');",
              "err": {
                "message": "AssertionError: Timed out retrying after 4000ms: expected '<h1#title>' to contain text 'Paleta de Cores', but the text was 'Paleta de cores'",
                "estack": "AssertionError: Timed out retrying after 4000ms: expected '<h1#title>' to contain text 'Paleta de Cores', but the text was 'Paleta de cores'\n    at Context.eval (http://localhost:53645/__cypress/tests?p=cypress/integration/project.spec.js:119:24)",
                "diff": "- 'Paleta de cores'\n+ 'Paleta de Cores'\n"
              },
              "uuid": "bb382916-7bc6-44f1-92fc-1aa768e3bb8a",
              "parentUUID": "9d519464-1c9f-4e39-9f55-a99968c9e2c1",
              "isHook": false,
              "skipped": false
            }
          ],
          "suites": [],
          "passes": [],
          "failures": [
            "bb382916-7bc6-44f1-92fc-1aa768e3bb8a"
          ],
          "pending": [],
          "skipped": [],
          "duration": 4930,
          "root": false,
          "rootEmpty": false,
          "_timeout": 2000
        },
        {
          "uuid": "da588c22-ec3b-4262-b1b7-2d5f39b8a772",
          "title": "2 - Adicione à página uma paleta de quatro cores distintas.",
          "fullFile": "",
          "file": "",
          "beforeHooks": [],
          "afterHooks": [],
          "tests": [
            {
              "title": "A paleta de cores deve ser um elemento com `id` denominado `color-palette`",
              "fullTitle": "2 - Adicione à página uma paleta de quatro cores distintas. A paleta de cores deve ser um elemento com `id` denominado `color-palette`",
              "timedOut": null,
              "duration": 4775,
              "state": "failed",
              "speed": null,
              "pass": false,
              "fail": true,
              "pending": false,
              "context": null,
              "code": "cy.get('#color-palette').should('be.visible');\ncy.get('#color-palette').children('.color');",
              "err": {
                "message": "AssertionError: Timed out retrying after 4000ms: expected '<div#color-palette>' to be 'visible'\n\nThis element `<div#color-palette>` is not visible because it has an effective width and height of: `1350 x 0` pixels.",
                "estack": "AssertionError: Timed out retrying after 4000ms: expected '<div#color-palette>' to be 'visible'\n\nThis element `<div#color-palette>` is not visible because it has an effective width and height of: `1350 x 0` pixels.\n    at Context.eval (http://localhost:53645/__cypress/tests?p=cypress/integration/project.spec.js:127:30)",
                "diff": null
              },
              "uuid": "a51e6b60-3589-451b-a1b0-9d5dd2805126",
              "parentUUID": "da588c22-ec3b-4262-b1b7-2d5f39b8a772",
              "isHook": false,
              "skipped": false
            },
            {
              "title": "Verifica se cada cor individual da paleta de cores possui a `classe` chamada `color`.",
              "fullTitle": "2 - Adicione à página uma paleta de quatro cores distintas. Verifica se cada cor individual da paleta de cores possui a `classe` chamada `color`.",
              "timedOut": null,
              "duration": 4253,
              "state": "failed",
              "speed": null,
              "pass": false,
              "fail": true,
              "pending": false,
              "context": null,
              "code": "cy.get('.color').should('have.length', 4).then(colors => {\n  for (let i = 0; i < colors.length; i++) {\n    cy.wrap(colors[i]).should('be.visible');\n  }\n});",
              "err": {
                "message": "AssertionError: Timed out retrying after 4000ms: expected '<div#black.color>' to be 'visible'\n\nThis element `<div#black.color>` is not visible because it has an effective width and height of: `1350 x 0` pixels.",
                "estack": "AssertionError: Timed out retrying after 4000ms: expected '<div#black.color>' to be 'visible'\n\nThis element `<div#black.color>` is not visible because it has an effective width and height of: `1350 x 0` pixels.\n    at Context.eval (http://localhost:53645/__cypress/tests?p=cypress/integration/project.spec.js:133:28)",
                "diff": null
              },
              "uuid": "3e6ec767-b9f6-4ebd-8b64-b5a6ec20404e",
              "parentUUID": "da588c22-ec3b-4262-b1b7-2d5f39b8a772",
              "isHook": false,
              "skipped": false
            },
            {
              "title": "Verifica se a cor de fundo de cada elemento da paleta é a cor que o elemento representa. **A única cor não permitida na paleta é a cor branca.**",
              "fullTitle": "2 - Adicione à página uma paleta de quatro cores distintas. Verifica se a cor de fundo de cada elemento da paleta é a cor que o elemento representa. **A única cor não permitida na paleta é a cor branca.**",
              "timedOut": null,
              "duration": 308,
              "state": "passed",
              "speed": "fast",
              "pass": true,
              "fail": false,
              "pending": false,
              "context": null,
              "code": "cy.get('.color').each(color => {\n  cy.wrap(color).should('have.class', 'color').and('not.have.css', 'background-color', WHITE);\n  cy.wrap(color).should('have.css', 'background-color');\n});",
              "err": {},
              "uuid": "724ddeb5-cf76-4d7a-a67b-0f00c0260b4f",
              "parentUUID": "da588c22-ec3b-4262-b1b7-2d5f39b8a772",
              "isHook": false,
              "skipped": false
            },
            {
              "title": "Verifica se cada elemento da paleta de cores tem uma borda preta, sólida e com 1 pixel de largura;",
              "fullTitle": "2 - Adicione à página uma paleta de quatro cores distintas. Verifica se cada elemento da paleta de cores tem uma borda preta, sólida e com 1 pixel de largura;",
              "timedOut": null,
              "duration": 4141,
              "state": "failed",
              "speed": null,
              "pass": false,
              "fail": true,
              "pending": false,
              "context": null,
              "code": "cy.get('.color').each(color => {\n  cy.wrap(color).and('have.css', 'border', `1px solid ${BLACK}`).and('have.class', 'color');\n});",
              "err": {
                "message": "AssertionError: Timed out retrying after 4000ms: expected '<div#black.color>' to have CSS property 'border' with the value '1px solid rgb(0, 0, 0)', but the value was '0px none rgb(0, 0, 0)'",
                "estack": "AssertionError: Timed out retrying after 4000ms: expected '<div#black.color>' to have CSS property 'border' with the value '1px solid rgb(0, 0, 0)', but the value was '0px none rgb(0, 0, 0)'\n    at Context.eval (http://localhost:53645/__cypress/tests?p=cypress/integration/project.spec.js:145:22)",
                "diff": "- '0px none rgb(0, 0, 0)'\n+ '1px solid rgb(0, 0, 0)'\n"
              },
              "uuid": "799880c2-49c5-4f2f-b02b-eabb54b65de4",
              "parentUUID": "da588c22-ec3b-4262-b1b7-2d5f39b8a772",
              "isHook": false,
              "skipped": false
            },
            {
              "title": "Verifica se a paleta lista todas as cores disponíveis para utilização, lado a lado.",
              "fullTitle": "2 - Adicione à página uma paleta de quatro cores distintas. Verifica se a paleta lista todas as cores disponíveis para utilização, lado a lado.",
              "timedOut": null,
              "duration": 4109,
              "state": "failed",
              "speed": null,
              "pass": false,
              "fail": true,
              "pending": false,
              "context": null,
              "code": "cy.get('.color').then(colors => {\n  for (let index = 1; index < colors.length; index += 1) {\n    const currentColor = colors[index];\n    const previousColor = colors[index - 1];\n    cy.wrap(currentColor).should('be.onTheRightOf', previousColor).and('be.horizontallyAlignedWith', previousColor);\n  }\n});",
              "err": {
                "message": "AssertionError: Timed out retrying after 4000ms: expected '<div#blue.color>' to be on the right of <div class=\"color\" id=\"black\"></div>",
                "estack": "AssertionError: Timed out retrying after 4000ms: expected '<div#blue.color>' to be on the right of <div class=\"color\" id=\"black\"></div>\n    at Context.eval (http://localhost:53645/__cypress/tests?p=cypress/integration/project.spec.js:153:31)",
                "diff": null
              },
              "uuid": "cffe8fb6-2be8-439c-b462-c2f6e8d5765c",
              "parentUUID": "da588c22-ec3b-4262-b1b7-2d5f39b8a772",
              "isHook": false,
              "skipped": false
            },
            {
              "title": "Verifica se a paleta de cores está posicionada abaixo do título 'Paleta de Cores'",
              "fullTitle": "2 - Adicione à página uma paleta de quatro cores distintas. Verifica se a paleta de cores está posicionada abaixo do título 'Paleta de Cores'",
              "timedOut": null,
              "duration": 220,
              "state": "passed",
              "speed": "fast",
              "pass": true,
              "fail": false,
              "pending": false,
              "context": null,
              "code": "cy.get('h1#title').then(title => {\n  cy.get('#color-palette').should('be.belowOf', title);\n});",
              "err": {},
              "uuid": "1af9055f-e55f-40e5-843f-749417413382",
              "parentUUID": "da588c22-ec3b-4262-b1b7-2d5f39b8a772",
              "isHook": false,
              "skipped": false
            },
            {
              "title": "Verifica se a paleta de cores não contém cores repetidas.",
              "fullTitle": "2 - Adicione à página uma paleta de quatro cores distintas. Verifica se a paleta de cores não contém cores repetidas.",
              "timedOut": null,
              "duration": 425,
              "state": "failed",
              "speed": null,
              "pass": false,
              "fail": true,
              "pending": false,
              "context": null,
              "code": "cy.get('.color').then(colors => {\n  const allColors = Array.from(colors).map(color => Cypress.$(color).css('background-color'));\n  cy.log(allColors);\n  const uniqColors = [...new Set(allColors)];\n  cy.log(uniqColors);\n  expect(allColors.length).to.eq(uniqColors.length);\n});",
              "err": {
                "message": "AssertionError: expected 4 to equal 1",
                "estack": "AssertionError: expected 4 to equal 1\n    at Context.eval (http://localhost:53645/__cypress/tests?p=cypress/integration/project.spec.js:168:35)",
                "diff": "- 4\n+ 1\n"
              },
              "uuid": "4cac9dec-23fc-40d8-98fe-236ec55799d8",
              "parentUUID": "da588c22-ec3b-4262-b1b7-2d5f39b8a772",
              "isHook": false,
              "skipped": false
            }
          ],
          "suites": [],
          "passes": [
            "724ddeb5-cf76-4d7a-a67b-0f00c0260b4f",
            "1af9055f-e55f-40e5-843f-749417413382"
          ],
          "failures": [
            "a51e6b60-3589-451b-a1b0-9d5dd2805126",
            "3e6ec767-b9f6-4ebd-8b64-b5a6ec20404e",
            "799880c2-49c5-4f2f-b02b-eabb54b65de4",
            "cffe8fb6-2be8-439c-b462-c2f6e8d5765c",
            "4cac9dec-23fc-40d8-98fe-236ec55799d8"
          ],
          "pending": [],
          "skipped": [],
          "duration": 18231,
          "root": false,
          "rootEmpty": false,
          "_timeout": 2000
        },
        {
          "uuid": "b330778d-e81a-45ca-8497-90c2d4b76f8f",
          "title": "3 - Adicione a cor **preta** como a primeira cor da paleta de cores.",
          "fullFile": "",
          "file": "",
          "beforeHooks": [],
          "afterHooks": [],
          "tests": [
            {
              "title": "Verifica se a primeira cor da paleta é preta",
              "fullTitle": "3 - Adicione a cor **preta** como a primeira cor da paleta de cores. Verifica se a primeira cor da paleta é preta",
              "timedOut": null,
              "duration": 4118,
              "state": "failed",
              "speed": null,
              "pass": false,
              "fail": true,
              "pending": false,
              "context": null,
              "code": "cy.get('.color').first().should('have.css', 'background-color', BLACK);",
              "err": {
                "message": "AssertionError: Timed out retrying after 4000ms: expected '<div#black.color>' to have CSS property 'background-color' with the value 'rgb(0, 0, 0)', but the value was 'rgba(0, 0, 0, 0)'",
                "estack": "AssertionError: Timed out retrying after 4000ms: expected '<div#black.color>' to have CSS property 'background-color' with the value 'rgb(0, 0, 0)', but the value was 'rgba(0, 0, 0, 0)'\n    at Context.eval (http://localhost:53645/__cypress/tests?p=cypress/integration/project.spec.js:177:30)",
                "diff": "- 'rgba(0, 0, 0, 0)'\n+ 'rgb(0, 0, 0)'\n"
              },
              "uuid": "2417b86f-1f64-4392-8e7e-cf704770aed2",
              "parentUUID": "b330778d-e81a-45ca-8497-90c2d4b76f8f",
              "isHook": false,
              "skipped": false
            },
            {
              "title": "Verifica se as demais cores podem ser escolhidas livremente.",
              "fullTitle": "3 - Adicione a cor **preta** como a primeira cor da paleta de cores. Verifica se as demais cores podem ser escolhidas livremente.",
              "timedOut": null,
              "duration": 4159,
              "state": "failed",
              "speed": null,
              "pass": false,
              "fail": true,
              "pending": false,
              "context": null,
              "code": "cy.get('.color').eq(1).should('not.have.css', 'background-color', BLACK);\ncy.get('.color').eq(1).should('not.have.css', 'background-color', WHITE);\ncy.get('.color').eq(1).should('not.have.css', 'background-color', 'rgba(0, 0, 0, 0)');\ncy.get('.color').eq(1).should('have.css', 'background-color');\ncy.get('.color').eq(2).should('not.have.css', 'background-color', BLACK);\ncy.get('.color').eq(2).should('not.have.css', 'background-color', WHITE);\ncy.get('.color').eq(2).should('not.have.css', 'background-color', 'rgba(0, 0, 0, 0)');\ncy.get('.color').eq(2).should('have.css', 'background-color');\ncy.get('.color').eq(3).should('not.have.css', 'background-color', BLACK);\ncy.get('.color').eq(3).should('not.have.css', 'background-color', WHITE);\ncy.get('.color').eq(3).should('not.have.css', 'background-color', 'rgba(0, 0, 0, 0)');\ncy.get('.color').eq(3).should('have.css', 'background-color');",
              "err": {
                "message": "AssertionError: Timed out retrying after 4000ms: expected '<div#blue.color>' not to have CSS property 'background-color' with the value 'rgba(0, 0, 0, 0)', but the value was 'rgba(0, 0, 0, 0)'",
                "estack": "AssertionError: Timed out retrying after 4000ms: expected '<div#blue.color>' not to have CSS property 'background-color' with the value 'rgba(0, 0, 0, 0)', but the value was 'rgba(0, 0, 0, 0)'\n    at Context.eval (http://localhost:53645/__cypress/tests?p=cypress/integration/project.spec.js:182:28)",
                "diff": ""
              },
              "uuid": "8daafa88-72a4-4f0b-abcc-cc5dae11d3a8",
              "parentUUID": "b330778d-e81a-45ca-8497-90c2d4b76f8f",
              "isHook": false,
              "skipped": false
            }
          ],
          "suites": [],
          "passes": [],
          "failures": [
            "2417b86f-1f64-4392-8e7e-cf704770aed2",
            "8daafa88-72a4-4f0b-abcc-cc5dae11d3a8"
          ],
          "pending": [],
          "skipped": [],
          "duration": 8277,
          "root": false,
          "rootEmpty": false,
          "_timeout": 2000
        },
        {
          "uuid": "19f90b6c-927c-4443-94a1-348fe0cfb949",
          "title": "4 - Adicione à página um quadro de pixels, com 25 pixels.",
          "fullFile": "",
          "file": "",
          "beforeHooks": [],
          "afterHooks": [],
          "tests": [
            {
              "title": "Verifica se o quadro de pixels possui o `id` denominado `pixel-board`",
              "fullTitle": "4 - Adicione à página um quadro de pixels, com 25 pixels. Verifica se o quadro de pixels possui o `id` denominado `pixel-board`",
              "timedOut": null,
              "duration": 4123,
              "state": "failed",
              "speed": null,
              "pass": false,
              "fail": true,
              "pending": false,
              "context": null,
              "code": "cy.get('#pixel-board').should('be.visible');",
              "err": {
                "message": "AssertionError: Timed out retrying after 4000ms: Expected to find element: `#pixel-board`, but never found it.",
                "estack": "AssertionError: Timed out retrying after 4000ms: Expected to find element: `#pixel-board`, but never found it.\n    at Context.eval (http://localhost:53645/__cypress/tests?p=cypress/integration/project.spec.js:199:28)",
                "diff": null
              },
              "uuid": "299d7bd2-a040-4b85-83d5-f0c121c99896",
              "parentUUID": "19f90b6c-927c-4443-94a1-348fe0cfb949",
              "isHook": false,
              "skipped": false
            },
            {
              "title": "Verifica se cada pixel individual dentro do quadro possui a `classe` denominada `pixel`.",
              "fullTitle": "4 - Adicione à página um quadro de pixels, com 25 pixels. Verifica se cada pixel individual dentro do quadro possui a `classe` denominada `pixel`.",
              "timedOut": null,
              "duration": 4113,
              "state": "failed",
              "speed": null,
              "pass": false,
              "fail": true,
              "pending": false,
              "context": null,
              "code": "cy.get('.pixel').should('have.length', 25);",
              "err": {
                "message": "AssertionError: Timed out retrying after 4000ms: Expected to find element: `.pixel`, but never found it.",
                "estack": "AssertionError: Timed out retrying after 4000ms: Expected to find element: `.pixel`, but never found it.\n    at Context.eval (http://localhost:53645/__cypress/tests?p=cypress/integration/project.spec.js:202:22)",
                "diff": null
              },
              "uuid": "8cada789-06db-4f1a-a5aa-9ef080533150",
              "parentUUID": "19f90b6c-927c-4443-94a1-348fe0cfb949",
              "isHook": false,
              "skipped": false
            },
            {
              "title": "Verifica se a cor inicial dos pixels dentro do quadro, ao abrir a página, é branca.",
              "fullTitle": "4 - Adicione à página um quadro de pixels, com 25 pixels. Verifica se a cor inicial dos pixels dentro do quadro, ao abrir a página, é branca.",
              "timedOut": null,
              "duration": 4109,
              "state": "failed",
              "speed": null,
              "pass": false,
              "fail": true,
              "pending": false,
              "context": null,
              "code": "cy.get('.pixel').should('have.length', 25).each(pixel => {\n  expect(pixel).to.have.css('background-color', WHITE);\n});",
              "err": {
                "message": "AssertionError: Timed out retrying after 4000ms: Expected to find element: `.pixel`, but never found it.",
                "estack": "AssertionError: Timed out retrying after 4000ms: Expected to find element: `.pixel`, but never found it.\n    at Context.eval (http://localhost:53645/__cypress/tests?p=cypress/integration/project.spec.js:205:22)",
                "diff": null
              },
              "uuid": "6fdfb66a-c07d-4b8d-a6d3-49cd7d1a8f56",
              "parentUUID": "19f90b6c-927c-4443-94a1-348fe0cfb949",
              "isHook": false,
              "skipped": false
            },
            {
              "title": "Verifica se o quadro de pixels aparece abaixo da paleta de cores",
              "fullTitle": "4 - Adicione à página um quadro de pixels, com 25 pixels. Verifica se o quadro de pixels aparece abaixo da paleta de cores",
              "timedOut": null,
              "duration": 4154,
              "state": "failed",
              "speed": null,
              "pass": false,
              "fail": true,
              "pending": false,
              "context": null,
              "code": "cy.get('#color-palette').then(palette => {\n  cy.get('#pixel-board').should('be.belowOf', palette);\n});",
              "err": {
                "message": "AssertionError: Timed out retrying after 4000ms: Expected to find element: `#pixel-board`, but never found it.",
                "estack": "AssertionError: Timed out retrying after 4000ms: Expected to find element: `#pixel-board`, but never found it.\n    at Context.eval (http://localhost:53645/__cypress/tests?p=cypress/integration/project.spec.js:211:30)",
                "diff": null
              },
              "uuid": "c2c8a00e-5c8a-41e0-ae4a-09c098aca05d",
              "parentUUID": "19f90b6c-927c-4443-94a1-348fe0cfb949",
              "isHook": false,
              "skipped": false
            }
          ],
          "suites": [],
          "passes": [],
          "failures": [
            "299d7bd2-a040-4b85-83d5-f0c121c99896",
            "8cada789-06db-4f1a-a5aa-9ef080533150",
            "6fdfb66a-c07d-4b8d-a6d3-49cd7d1a8f56",
            "c2c8a00e-5c8a-41e0-ae4a-09c098aca05d"
          ],
          "pending": [],
          "skipped": [],
          "duration": 16499,
          "root": false,
          "rootEmpty": false,
          "_timeout": 2000
        },
        {
          "uuid": "8970db84-98ca-49c8-ae41-2dc73a6ae2c4",
          "title": "5 - Faça com que cada elemento do quadro de pixels possua 40 pixels de largura, 40 pixels de altura e seja delimitado por uma borda preta de 1 pixel.",
          "fullFile": "",
          "file": "",
          "beforeHooks": [],
          "afterHooks": [],
          "tests": [
            {
              "title": "Verifica se o quadro de pixels tem altura e comprimento de 5 elementos",
              "fullTitle": "5 - Faça com que cada elemento do quadro de pixels possua 40 pixels de largura, 40 pixels de altura e seja delimitado por uma borda preta de 1 pixel. Verifica se o quadro de pixels tem altura e comprimento de 5 elementos",
              "timedOut": null,
              "duration": 4112,
              "state": "failed",
              "speed": null,
              "pass": false,
              "fail": true,
              "pending": false,
              "context": null,
              "code": "cy.get('.pixel').should('have.length', 25).each(pixel => {\n  expect(pixel).to.have.css('background-color', WHITE);\n}).and(pixels => {\n  const rows = chunk(pixels, 5);\n  rows.forEach(row => {\n    for (let index = 1; index < row.length; index += 1) {\n      const current = pixels[index];\n      const previous = pixels[index - 1];\n      cy.wrap(current).should('be.onTheRightOf', previous).and('be.horizontallyAlignedWith', previous);\n    }\n  });\n  for (let index = 1; index < 5; index += 1) {\n    expect(pixels[index * 5]).to.be.belowOf(pixels[(index - 1) * 5]);\n  }\n});",
              "err": {
                "message": "AssertionError: Timed out retrying after 4000ms: Expected to find element: `.pixel`, but never found it.",
                "estack": "AssertionError: Timed out retrying after 4000ms: Expected to find element: `.pixel`, but never found it.\n    at Context.eval (http://localhost:53645/__cypress/tests?p=cypress/integration/project.spec.js:220:22)",
                "diff": null
              },
              "uuid": "0e263499-225b-489f-925d-112d78cd0d38",
              "parentUUID": "8970db84-98ca-49c8-ae41-2dc73a6ae2c4",
              "isHook": false,
              "skipped": false
            },
            {
              "title": "Verifica se 40 pixels é o tamanho total do elemento, incluindo seu conteúdo e excluindo a borda preta, que deve ser criada à parte.",
              "fullTitle": "5 - Faça com que cada elemento do quadro de pixels possua 40 pixels de largura, 40 pixels de altura e seja delimitado por uma borda preta de 1 pixel. Verifica se 40 pixels é o tamanho total do elemento, incluindo seu conteúdo e excluindo a borda preta, que deve ser criada à parte.",
              "timedOut": null,
              "duration": 4246,
              "state": "failed",
              "speed": null,
              "pass": false,
              "fail": true,
              "pending": false,
              "context": null,
              "code": "cy.get('.pixel').each(pixel => {\n  cy.wrap(pixel).should('have.css', 'height', '40px').and('have.css', 'width', '40px').and('have.css', 'border', `1px solid ${BLACK}`);\n});",
              "err": {
                "message": "AssertionError: Timed out retrying after 4000ms: Expected to find element: `.pixel`, but never found it.",
                "estack": "AssertionError: Timed out retrying after 4000ms: Expected to find element: `.pixel`, but never found it.\n    at Context.eval (http://localhost:53645/__cypress/tests?p=cypress/integration/project.spec.js:238:8)",
                "diff": null
              },
              "uuid": "06dcc8e5-c68b-4a7c-b148-23c65faca893",
              "parentUUID": "8970db84-98ca-49c8-ae41-2dc73a6ae2c4",
              "isHook": false,
              "skipped": false
            }
          ],
          "suites": [],
          "passes": [],
          "failures": [
            "0e263499-225b-489f-925d-112d78cd0d38",
            "06dcc8e5-c68b-4a7c-b148-23c65faca893"
          ],
          "pending": [],
          "skipped": [],
          "duration": 8358,
          "root": false,
          "rootEmpty": false,
          "_timeout": 2000
        },
        {
          "uuid": "b8c3ae80-5aff-4290-9213-449636cbdfd5",
          "title": "6 - Defina a cor preta como cor inicial. Ao carregar a página a cor preta já deve estar selecionada para pintar os pixels",
          "fullFile": "",
          "file": "",
          "beforeHooks": [],
          "afterHooks": [],
          "tests": [
            {
              "title": "Verifica se o elemento da cor preta possui, inicialmente, a `classe` `selected`",
              "fullTitle": "6 - Defina a cor preta como cor inicial. Ao carregar a página a cor preta já deve estar selecionada para pintar os pixels Verifica se o elemento da cor preta possui, inicialmente, a `classe` `selected`",
              "timedOut": null,
              "duration": 4093,
              "state": "failed",
              "speed": null,
              "pass": false,
              "fail": true,
              "pending": false,
              "context": null,
              "code": "cy.get('.selected').first().should('have.css', 'background-color', BLACK);",
              "err": {
                "message": "AssertionError: Timed out retrying after 4000ms: Expected to find element: `.selected`, but never found it.",
                "estack": "AssertionError: Timed out retrying after 4000ms: Expected to find element: `.selected`, but never found it.\n    at Context.eval (http://localhost:53645/__cypress/tests?p=cypress/integration/project.spec.js:248:8)",
                "diff": null
              },
              "uuid": "abd06a7c-1085-49ca-8b6d-ee7b49d2cb04",
              "parentUUID": "b8c3ae80-5aff-4290-9213-449636cbdfd5",
              "isHook": false,
              "skipped": false
            },
            {
              "title": "Verifica se nenhuma outra cor da paleta tem a `classe` `selected`",
              "fullTitle": "6 - Defina a cor preta como cor inicial. Ao carregar a página a cor preta já deve estar selecionada para pintar os pixels Verifica se nenhuma outra cor da paleta tem a `classe` `selected`",
              "timedOut": null,
              "duration": 87,
              "state": "passed",
              "speed": "fast",
              "pass": true,
              "fail": false,
              "pending": false,
              "context": null,
              "code": "cy.get('.color:not(:first-child)').each(color => {\n  cy.wrap(color).should('not.have.class', 'selected');\n});",
              "err": {},
              "uuid": "c40d1c4d-dc9d-4c4d-acab-114f559961fd",
              "parentUUID": "b8c3ae80-5aff-4290-9213-449636cbdfd5",
              "isHook": false,
              "skipped": false
            }
          ],
          "suites": [],
          "passes": [
            "c40d1c4d-dc9d-4c4d-acab-114f559961fd"
          ],
          "failures": [
            "abd06a7c-1085-49ca-8b6d-ee7b49d2cb04"
          ],
          "pending": [],
          "skipped": [],
          "duration": 4180,
          "root": false,
          "rootEmpty": false,
          "_timeout": 2000
        },
        {
          "uuid": "acff1a4e-2297-4ffc-81c1-7061e115bf2b",
          "title": "7 - Clicar em uma das cores da paleta, faz com que ela seja selecionada e utilizada para preencher os pixels no quadro.",
          "fullFile": "",
          "file": "",
          "beforeHooks": [],
          "afterHooks": [],
          "tests": [
            {
              "title": "Verifica se somente uma cor da paleta de cores tem a classe `selected` de cada vez",
              "fullTitle": "7 - Clicar em uma das cores da paleta, faz com que ela seja selecionada e utilizada para preencher os pixels no quadro. Verifica se somente uma cor da paleta de cores tem a classe `selected` de cada vez",
              "timedOut": null,
              "duration": 4192,
              "state": "failed",
              "speed": null,
              "pass": false,
              "fail": true,
              "pending": false,
              "context": null,
              "code": "cy.get('.color').each((selectedColor, selectedColorIndex) => {\n  cy.wrap(selectedColor).click();\n  cy.get('.color').each((color, colorIndex) => {\n    if (colorIndex === selectedColorIndex) {\n      expect(color).to.have.class('selected');\n    } else {\n      expect(color).not.to.have.class('selected');\n    }\n  });\n});",
              "err": {
                "message": "CypressError: Timed out retrying after 4050ms: `cy.click()` failed because this element is not visible:\n\n`<div class=\"color\" id=\"black\"></div>`\n\nThis element `<div#black.color>` is not visible because it has an effective width and height of: `1350 x 0` pixels.\n\nFix this problem, or use `{force: true}` to disable error checking.\n\nhttps://on.cypress.io/element-cannot-be-interacted-with",
                "estack": "CypressError: Timed out retrying after 4050ms: `cy.click()` failed because this element is not visible:\n\n`<div class=\"color\" id=\"black\"></div>`\n\nThis element `<div#black.color>` is not visible because it has an effective width and height of: `1350 x 0` pixels.\n\nFix this problem, or use `{force: true}` to disable error checking.\n\nhttps://on.cypress.io/element-cannot-be-interacted-with\n    at runVisibilityCheck (http://localhost:53645/__cypress/runner/cypress_runner.js:162635:76)\n    at $Cy.ensureStrictVisibility (http://localhost:53645/__cypress/runner/cypress_runner.js:162651:12)\n    at runAllChecks (http://localhost:53645/__cypress/runner/cypress_runner.js:149890:14)\n    at retryActionability (http://localhost:53645/__cypress/runner/cypress_runner.js:149945:16)\n    at tryCatcher (http://localhost:53645/__cypress/runner/cypress_runner.js:13196:23)\n    at Function.Promise.attempt.Promise.try (http://localhost:53645/__cypress/runner/cypress_runner.js:10470:29)\n    at whenStable (http://localhost:53645/__cypress/runner/cypress_runner.js:167470:63)\n    at http://localhost:53645/__cypress/runner/cypress_runner.js:166968:14\n    at tryCatcher (http://localhost:53645/__cypress/runner/cypress_runner.js:13196:23)\n    at Promise._settlePromiseFromHandler (http://localhost:53645/__cypress/runner/cypress_runner.js:11131:31)\n    at Promise._settlePromise (http://localhost:53645/__cypress/runner/cypress_runner.js:11188:18)\n    at Promise._settlePromise0 (http://localhost:53645/__cypress/runner/cypress_runner.js:11233:10)\n    at Promise._settlePromises (http://localhost:53645/__cypress/runner/cypress_runner.js:11313:18)\n    at Promise._fulfill (http://localhost:53645/__cypress/runner/cypress_runner.js:11257:18)\n    at http://localhost:53645/__cypress/runner/cypress_runner.js:12871:46\nFrom Your Spec Code:\n    at Context.eval (http://localhost:53645/__cypress/tests?p=cypress/integration/project.spec.js:262:30)",
                "diff": null
              },
              "uuid": "a50c440d-0066-4c6c-bbc1-303e759cde0b",
              "parentUUID": "acff1a4e-2297-4ffc-81c1-7061e115bf2b",
              "isHook": false,
              "skipped": false
            },
            {
              "title": "Verifica se os pixels dentro do quadro não têm a classe `selected` quando são clicados",
              "fullTitle": "7 - Clicar em uma das cores da paleta, faz com que ela seja selecionada e utilizada para preencher os pixels no quadro. Verifica se os pixels dentro do quadro não têm a classe `selected` quando são clicados",
              "timedOut": null,
              "duration": 4170,
              "state": "failed",
              "speed": null,
              "pass": false,
              "fail": true,
              "pending": false,
              "context": null,
              "code": "cy.get('.color').each(color => {\n  const backgroundColor = color.css('background-color');\n  cy.wrap(color).click();\n  cy.get('.pixel').each(pixel => {\n    cy.wrap(pixel).click().should('not.have.class', 'selected');\n  });\n});",
              "err": {
                "message": "CypressError: Timed out retrying after 4050ms: `cy.click()` failed because this element is not visible:\n\n`<div class=\"color\" id=\"black\"></div>`\n\nThis element `<div#black.color>` is not visible because it has an effective width and height of: `1350 x 0` pixels.\n\nFix this problem, or use `{force: true}` to disable error checking.\n\nhttps://on.cypress.io/element-cannot-be-interacted-with",
                "estack": "CypressError: Timed out retrying after 4050ms: `cy.click()` failed because this element is not visible:\n\n`<div class=\"color\" id=\"black\"></div>`\n\nThis element `<div#black.color>` is not visible because it has an effective width and height of: `1350 x 0` pixels.\n\nFix this problem, or use `{force: true}` to disable error checking.\n\nhttps://on.cypress.io/element-cannot-be-interacted-with\n    at runVisibilityCheck (http://localhost:53645/__cypress/runner/cypress_runner.js:162635:76)\n    at $Cy.ensureStrictVisibility (http://localhost:53645/__cypress/runner/cypress_runner.js:162651:12)\n    at runAllChecks (http://localhost:53645/__cypress/runner/cypress_runner.js:149890:14)\n    at retryActionability (http://localhost:53645/__cypress/runner/cypress_runner.js:149945:16)\n    at tryCatcher (http://localhost:53645/__cypress/runner/cypress_runner.js:13196:23)\n    at Function.Promise.attempt.Promise.try (http://localhost:53645/__cypress/runner/cypress_runner.js:10470:29)\n    at whenStable (http://localhost:53645/__cypress/runner/cypress_runner.js:167470:63)\n    at http://localhost:53645/__cypress/runner/cypress_runner.js:166968:14\n    at tryCatcher (http://localhost:53645/__cypress/runner/cypress_runner.js:13196:23)\n    at Promise._settlePromiseFromHandler (http://localhost:53645/__cypress/runner/cypress_runner.js:11131:31)\n    at Promise._settlePromise (http://localhost:53645/__cypress/runner/cypress_runner.js:11188:18)\n    at Promise._settlePromise0 (http://localhost:53645/__cypress/runner/cypress_runner.js:11233:10)\n    at Promise._settlePromises (http://localhost:53645/__cypress/runner/cypress_runner.js:11313:18)\n    at Promise._fulfill (http://localhost:53645/__cypress/runner/cypress_runner.js:11257:18)\n    at http://localhost:53645/__cypress/runner/cypress_runner.js:12871:46\nFrom Your Spec Code:\n    at Context.eval (http://localhost:53645/__cypress/tests?p=cypress/integration/project.spec.js:275:22)",
                "diff": null
              },
              "uuid": "7481cd8a-0a8d-42b2-9f23-1e974cdabdf5",
              "parentUUID": "acff1a4e-2297-4ffc-81c1-7061e115bf2b",
              "isHook": false,
              "skipped": false
            }
          ],
          "suites": [],
          "passes": [],
          "failures": [
            "a50c440d-0066-4c6c-bbc1-303e759cde0b",
            "7481cd8a-0a8d-42b2-9f23-1e974cdabdf5"
          ],
          "pending": [],
          "skipped": [],
          "duration": 8362,
          "root": false,
          "rootEmpty": false,
          "_timeout": 2000
        },
        {
          "uuid": "c767bf87-2985-4a74-85aa-c8ac2a016f80",
          "title": "8 - Clicar em um pixel dentro do quadro após selecionar uma cor na paleta, faz com que o pixel seja preenchido com a cor selecionada.",
          "fullFile": "",
          "file": "",
          "beforeHooks": [],
          "afterHooks": [],
          "tests": [
            {
              "title": "Verifica se ao carregar a página deve ser possível pintar os pixels de preto",
              "fullTitle": "8 - Clicar em um pixel dentro do quadro após selecionar uma cor na paleta, faz com que o pixel seja preenchido com a cor selecionada. Verifica se ao carregar a página deve ser possível pintar os pixels de preto",
              "timedOut": null,
              "duration": 4090,
              "state": "failed",
              "speed": null,
              "pass": false,
              "fail": true,
              "pending": false,
              "context": null,
              "code": "cy.get('.pixel').each(pixel => {\n  cy.wrap(pixel).click().should('have.css', 'background-color', BLACK);\n});",
              "err": {
                "message": "AssertionError: Timed out retrying after 4000ms: Expected to find element: `.pixel`, but never found it.",
                "estack": "AssertionError: Timed out retrying after 4000ms: Expected to find element: `.pixel`, but never found it.\n    at Context.eval (http://localhost:53645/__cypress/tests?p=cypress/integration/project.spec.js:287:8)",
                "diff": null
              },
              "uuid": "01e10fe7-43ef-4d08-a324-3ae244577f18",
              "parentUUID": "c767bf87-2985-4a74-85aa-c8ac2a016f80",
              "isHook": false,
              "skipped": false
            },
            {
              "title": "Verifica se após selecionar uma outra cor na paleta, é possível pintar os pixels com essa cor",
              "fullTitle": "8 - Clicar em um pixel dentro do quadro após selecionar uma cor na paleta, faz com que o pixel seja preenchido com a cor selecionada. Verifica se após selecionar uma outra cor na paleta, é possível pintar os pixels com essa cor",
              "timedOut": null,
              "duration": 4143,
              "state": "failed",
              "speed": null,
              "pass": false,
              "fail": true,
              "pending": false,
              "context": null,
              "code": "cy.get('.color').each(color => {\n  const backgroundColor = color.css('background-color');\n  cy.wrap(color).click();\n  cy.get('.pixel').each(pixel => {\n    cy.wrap(pixel).click().should('have.css', 'background-color', backgroundColor);\n  });\n});",
              "err": {
                "message": "CypressError: Timed out retrying after 4050ms: `cy.click()` failed because this element is not visible:\n\n`<div class=\"color\" id=\"black\"></div>`\n\nThis element `<div#black.color>` is not visible because it has an effective width and height of: `1350 x 0` pixels.\n\nFix this problem, or use `{force: true}` to disable error checking.\n\nhttps://on.cypress.io/element-cannot-be-interacted-with",
                "estack": "CypressError: Timed out retrying after 4050ms: `cy.click()` failed because this element is not visible:\n\n`<div class=\"color\" id=\"black\"></div>`\n\nThis element `<div#black.color>` is not visible because it has an effective width and height of: `1350 x 0` pixels.\n\nFix this problem, or use `{force: true}` to disable error checking.\n\nhttps://on.cypress.io/element-cannot-be-interacted-with\n    at runVisibilityCheck (http://localhost:53645/__cypress/runner/cypress_runner.js:162635:76)\n    at $Cy.ensureStrictVisibility (http://localhost:53645/__cypress/runner/cypress_runner.js:162651:12)\n    at runAllChecks (http://localhost:53645/__cypress/runner/cypress_runner.js:149890:14)\n    at retryActionability (http://localhost:53645/__cypress/runner/cypress_runner.js:149945:16)\n    at tryCatcher (http://localhost:53645/__cypress/runner/cypress_runner.js:13196:23)\n    at Function.Promise.attempt.Promise.try (http://localhost:53645/__cypress/runner/cypress_runner.js:10470:29)\n    at whenStable (http://localhost:53645/__cypress/runner/cypress_runner.js:167470:63)\n    at http://localhost:53645/__cypress/runner/cypress_runner.js:166968:14\n    at tryCatcher (http://localhost:53645/__cypress/runner/cypress_runner.js:13196:23)\n    at Promise._settlePromiseFromHandler (http://localhost:53645/__cypress/runner/cypress_runner.js:11131:31)\n    at Promise._settlePromise (http://localhost:53645/__cypress/runner/cypress_runner.js:11188:18)\n    at Promise._settlePromise0 (http://localhost:53645/__cypress/runner/cypress_runner.js:11233:10)\n    at Promise._settlePromises (http://localhost:53645/__cypress/runner/cypress_runner.js:11313:18)\n    at Promise._fulfill (http://localhost:53645/__cypress/runner/cypress_runner.js:11257:18)\n    at http://localhost:53645/__cypress/runner/cypress_runner.js:12871:46\nFrom Your Spec Code:\n    at Context.eval (http://localhost:53645/__cypress/tests?p=cypress/integration/project.spec.js:294:22)",
                "diff": null
              },
              "uuid": "43041a12-662a-4a9a-9a81-15df1d8ccf04",
              "parentUUID": "c767bf87-2985-4a74-85aa-c8ac2a016f80",
              "isHook": false,
              "skipped": false
            },
            {
              "title": "Verifica se somente o pixel que foi clicado foi preenchido com a cor selecionada, sem influenciar na cor dos demais pixels.",
              "fullTitle": "8 - Clicar em um pixel dentro do quadro após selecionar uma cor na paleta, faz com que o pixel seja preenchido com a cor selecionada. Verifica se somente o pixel que foi clicado foi preenchido com a cor selecionada, sem influenciar na cor dos demais pixels.",
              "timedOut": null,
              "duration": 4183,
              "state": "failed",
              "speed": null,
              "pass": false,
              "fail": true,
              "pending": false,
              "context": null,
              "code": "const colorToPixelIndexMap = {\n  0: 6,\n  1: 8,\n  2: 16,\n  3: 18\n};\ncy.get('.color').each((color, index) => {\n  cy.wrap(color).click();\n  const backgroundColor = color.css('background-color');\n  const clickedPixelIndex = colorToPixelIndexMap[index];\n  cy.get('.pixel').eq(clickedPixelIndex).click();\n  cy.get('.pixel').eq(clickedPixelIndex - 1).should('not.have.css', 'background-color', backgroundColor);\n  cy.get('.pixel').eq(clickedPixelIndex + 1).should('not.have.css', 'background-color', backgroundColor);\n  cy.get('.pixel').eq(clickedPixelIndex - 5).should('not.have.css', 'background-color', backgroundColor);\n  cy.get('.pixel').eq(clickedPixelIndex + 5).should('not.have.css', 'background-color', backgroundColor);\n  cy.get('.pixel').eq(clickedPixelIndex - 6).should('not.have.css', 'background-color', backgroundColor);\n  cy.get('.pixel').eq(clickedPixelIndex - 4).should('not.have.css', 'background-color', backgroundColor);\n  cy.get('.pixel').eq(clickedPixelIndex + 4).should('not.have.css', 'background-color', backgroundColor);\n  cy.get('.pixel').eq(clickedPixelIndex + 6).should('not.have.css', 'background-color', backgroundColor);\n});",
              "err": {
                "message": "CypressError: Timed out retrying after 4050ms: `cy.click()` failed because this element is not visible:\n\n`<div class=\"color\" id=\"black\"></div>`\n\nThis element `<div#black.color>` is not visible because it has an effective width and height of: `1350 x 0` pixels.\n\nFix this problem, or use `{force: true}` to disable error checking.\n\nhttps://on.cypress.io/element-cannot-be-interacted-with",
                "estack": "CypressError: Timed out retrying after 4050ms: `cy.click()` failed because this element is not visible:\n\n`<div class=\"color\" id=\"black\"></div>`\n\nThis element `<div#black.color>` is not visible because it has an effective width and height of: `1350 x 0` pixels.\n\nFix this problem, or use `{force: true}` to disable error checking.\n\nhttps://on.cypress.io/element-cannot-be-interacted-with\n    at runVisibilityCheck (http://localhost:53645/__cypress/runner/cypress_runner.js:162635:76)\n    at $Cy.ensureStrictVisibility (http://localhost:53645/__cypress/runner/cypress_runner.js:162651:12)\n    at runAllChecks (http://localhost:53645/__cypress/runner/cypress_runner.js:149890:14)\n    at retryActionability (http://localhost:53645/__cypress/runner/cypress_runner.js:149945:16)\n    at tryCatcher (http://localhost:53645/__cypress/runner/cypress_runner.js:13196:23)\n    at Function.Promise.attempt.Promise.try (http://localhost:53645/__cypress/runner/cypress_runner.js:10470:29)\n    at whenStable (http://localhost:53645/__cypress/runner/cypress_runner.js:167470:63)\n    at http://localhost:53645/__cypress/runner/cypress_runner.js:166968:14\n    at tryCatcher (http://localhost:53645/__cypress/runner/cypress_runner.js:13196:23)\n    at Promise._settlePromiseFromHandler (http://localhost:53645/__cypress/runner/cypress_runner.js:11131:31)\n    at Promise._settlePromise (http://localhost:53645/__cypress/runner/cypress_runner.js:11188:18)\n    at Promise._settlePromise0 (http://localhost:53645/__cypress/runner/cypress_runner.js:11233:10)\n    at Promise._settlePromises (http://localhost:53645/__cypress/runner/cypress_runner.js:11313:18)\n    at Promise._fulfill (http://localhost:53645/__cypress/runner/cypress_runner.js:11257:18)\n    at http://localhost:53645/__cypress/runner/cypress_runner.js:12871:46\nFrom Your Spec Code:\n    at Context.eval (http://localhost:53645/__cypress/tests?p=cypress/integration/project.spec.js:308:22)",
                "diff": null
              },
              "uuid": "770dd838-1718-40e0-86d1-6c4569db9729",
              "parentUUID": "c767bf87-2985-4a74-85aa-c8ac2a016f80",
              "isHook": false,
              "skipped": false
            }
          ],
          "suites": [],
          "passes": [],
          "failures": [
            "01e10fe7-43ef-4d08-a324-3ae244577f18",
            "43041a12-662a-4a9a-9a81-15df1d8ccf04",
            "770dd838-1718-40e0-86d1-6c4569db9729"
          ],
          "pending": [],
          "skipped": [],
          "duration": 12416,
          "root": false,
          "rootEmpty": false,
          "_timeout": 2000
        },
        {
          "uuid": "5eb4680d-6583-4959-b0d6-6abc6a26e911",
          "title": "9 - Crie um botão que, ao ser clicado, limpa o quadro preenchendo a cor de todos seus pixels com branco.",
          "fullFile": "",
          "file": "",
          "beforeHooks": [],
          "afterHooks": [],
          "tests": [
            {
              "title": "Verifica se o botão tem o `id` denominado `clear-board`",
              "fullTitle": "9 - Crie um botão que, ao ser clicado, limpa o quadro preenchendo a cor de todos seus pixels com branco. Verifica se o botão tem o `id` denominado `clear-board`",
              "timedOut": null,
              "duration": 4098,
              "state": "failed",
              "speed": null,
              "pass": false,
              "fail": true,
              "pending": false,
              "context": null,
              "code": "cy.get('#clear-board').should('be.visible');",
              "err": {
                "message": "AssertionError: Timed out retrying after 4000ms: Expected to find element: `#clear-board`, but never found it.",
                "estack": "AssertionError: Timed out retrying after 4000ms: Expected to find element: `#clear-board`, but never found it.\n    at Context.eval (http://localhost:53645/__cypress/tests?p=cypress/integration/project.spec.js:328:28)",
                "diff": null
              },
              "uuid": "044e7817-7d10-4b26-bdf5-0c9ceb6e9edf",
              "parentUUID": "5eb4680d-6583-4959-b0d6-6abc6a26e911",
              "isHook": false,
              "skipped": false
            },
            {
              "title": "Verifica se o botão está posicionado entre a paleta de cores e o quadro de pixels",
              "fullTitle": "9 - Crie um botão que, ao ser clicado, limpa o quadro preenchendo a cor de todos seus pixels com branco. Verifica se o botão está posicionado entre a paleta de cores e o quadro de pixels",
              "timedOut": null,
              "duration": 4058,
              "state": "failed",
              "speed": null,
              "pass": false,
              "fail": true,
              "pending": false,
              "context": null,
              "code": "cy.get('#color-palette').then(palette => {\n  cy.get('#clear-board').should('be.belowOf', palette);\n});\ncy.get('#clear-board').then(clearBtn => {\n  cy.get('#pixel-board').should('be.belowOf', clearBtn);\n});",
              "err": {
                "message": "AssertionError: Timed out retrying after 4000ms: Expected to find element: `#clear-board`, but never found it.",
                "estack": "AssertionError: Timed out retrying after 4000ms: Expected to find element: `#clear-board`, but never found it.\n    at Context.eval (http://localhost:53645/__cypress/tests?p=cypress/integration/project.spec.js:332:30)",
                "diff": null
              },
              "uuid": "75dd0624-117f-4fe5-b53c-d66fa61c82cd",
              "parentUUID": "5eb4680d-6583-4959-b0d6-6abc6a26e911",
              "isHook": false,
              "skipped": false
            },
            {
              "title": "Verifica se o texto do botão é 'Limpar'",
              "fullTitle": "9 - Crie um botão que, ao ser clicado, limpa o quadro preenchendo a cor de todos seus pixels com branco. Verifica se o texto do botão é 'Limpar'",
              "timedOut": null,
              "duration": 4105,
              "state": "failed",
              "speed": null,
              "pass": false,
              "fail": true,
              "pending": false,
              "context": null,
              "code": "cy.get('#clear-board').should('contain.text', 'Limpar');",
              "err": {
                "message": "AssertionError: Timed out retrying after 4000ms: Expected to find element: `#clear-board`, but never found it.",
                "estack": "AssertionError: Timed out retrying after 4000ms: Expected to find element: `#clear-board`, but never found it.\n    at Context.eval (http://localhost:53645/__cypress/tests?p=cypress/integration/project.spec.js:339:28)",
                "diff": null
              },
              "uuid": "bd72d6c1-2f95-4729-80ee-02b3d7b6f328",
              "parentUUID": "5eb4680d-6583-4959-b0d6-6abc6a26e911",
              "isHook": false,
              "skipped": false
            },
            {
              "title": "Verifica se ao clicar no botão, o quadro de pixels é totalmente preenchido de branco",
              "fullTitle": "9 - Crie um botão que, ao ser clicado, limpa o quadro preenchendo a cor de todos seus pixels com branco. Verifica se ao clicar no botão, o quadro de pixels é totalmente preenchido de branco",
              "timedOut": null,
              "duration": 4202,
              "state": "failed",
              "speed": null,
              "pass": false,
              "fail": true,
              "pending": false,
              "context": null,
              "code": "cy.get('.color').eq(1).then(color => {\n  const backgroundColor = color.css('background-color');\n  cy.wrap(color).click();\n  cy.get('.pixel').each(pixel => {\n    cy.wrap(pixel).click().should('have.css', 'background-color', backgroundColor);\n  });\n});\ncy.get('#clear-board').click();\ncy.get('.pixel').each(pixel => {\n  cy.wrap(pixel).should('have.css', 'background-color', WHITE);\n});",
              "err": {
                "message": "CypressError: Timed out retrying after 4050ms: `cy.click()` failed because this element is not visible:\n\n`<div class=\"color\" id=\"blue\"></div>`\n\nThis element `<div#blue.color>` is not visible because it has an effective width and height of: `1350 x 0` pixels.\n\nFix this problem, or use `{force: true}` to disable error checking.\n\nhttps://on.cypress.io/element-cannot-be-interacted-with",
                "estack": "CypressError: Timed out retrying after 4050ms: `cy.click()` failed because this element is not visible:\n\n`<div class=\"color\" id=\"blue\"></div>`\n\nThis element `<div#blue.color>` is not visible because it has an effective width and height of: `1350 x 0` pixels.\n\nFix this problem, or use `{force: true}` to disable error checking.\n\nhttps://on.cypress.io/element-cannot-be-interacted-with\n    at runVisibilityCheck (http://localhost:53645/__cypress/runner/cypress_runner.js:162635:76)\n    at $Cy.ensureStrictVisibility (http://localhost:53645/__cypress/runner/cypress_runner.js:162651:12)\n    at runAllChecks (http://localhost:53645/__cypress/runner/cypress_runner.js:149890:14)\n    at retryActionability (http://localhost:53645/__cypress/runner/cypress_runner.js:149945:16)\n    at tryCatcher (http://localhost:53645/__cypress/runner/cypress_runner.js:13196:23)\n    at Function.Promise.attempt.Promise.try (http://localhost:53645/__cypress/runner/cypress_runner.js:10470:29)\n    at whenStable (http://localhost:53645/__cypress/runner/cypress_runner.js:167470:63)\n    at http://localhost:53645/__cypress/runner/cypress_runner.js:166968:14\n    at tryCatcher (http://localhost:53645/__cypress/runner/cypress_runner.js:13196:23)\n    at Promise._settlePromiseFromHandler (http://localhost:53645/__cypress/runner/cypress_runner.js:11131:31)\n    at Promise._settlePromise (http://localhost:53645/__cypress/runner/cypress_runner.js:11188:18)\n    at Promise._settlePromise0 (http://localhost:53645/__cypress/runner/cypress_runner.js:11233:10)\n    at Promise._settlePromises (http://localhost:53645/__cypress/runner/cypress_runner.js:11313:18)\n    at Promise._fulfill (http://localhost:53645/__cypress/runner/cypress_runner.js:11257:18)\n    at http://localhost:53645/__cypress/runner/cypress_runner.js:12871:46\nFrom Your Spec Code:\n    at Context.eval (http://localhost:53645/__cypress/tests?p=cypress/integration/project.spec.js:344:22)",
                "diff": null
              },
              "uuid": "da894aab-8483-4ff8-9756-c18794980132",
              "parentUUID": "5eb4680d-6583-4959-b0d6-6abc6a26e911",
              "isHook": false,
              "skipped": false
            }
          ],
          "suites": [],
          "passes": [],
          "failures": [
            "044e7817-7d10-4b26-bdf5-0c9ceb6e9edf",
            "75dd0624-117f-4fe5-b53c-d66fa61c82cd",
            "bd72d6c1-2f95-4729-80ee-02b3d7b6f328",
            "da894aab-8483-4ff8-9756-c18794980132"
          ],
          "pending": [],
          "skipped": [],
          "duration": 16463,
          "root": false,
          "rootEmpty": false,
          "_timeout": 2000
        },
        {
          "uuid": "4e1b07b8-b643-494a-88c7-1f0de641262e",
          "title": "10 - Faça o quadro de pixels ter seu tamanho definido pelo usuário.",
          "fullFile": "",
          "file": "",
          "beforeHooks": [],
          "afterHooks": [],
          "tests": [
            {
              "title": "Verifica se existe um input com o id `board-size`",
              "fullTitle": "10 - Faça o quadro de pixels ter seu tamanho definido pelo usuário. Verifica se existe um input com o id `board-size`",
              "timedOut": null,
              "duration": 4068,
              "state": "failed",
              "speed": null,
              "pass": false,
              "fail": true,
              "pending": false,
              "context": null,
              "code": "cy.get('#board-size').should('be.visible');",
              "err": {
                "message": "AssertionError: Timed out retrying after 4000ms: Expected to find element: `#board-size`, but never found it.",
                "estack": "AssertionError: Timed out retrying after 4000ms: Expected to find element: `#board-size`, but never found it.\n    at Context.eval (http://localhost:53645/__cypress/tests?p=cypress/integration/project.spec.js:360:27)",
                "diff": null
              },
              "uuid": "70132b24-183f-4e3c-ad9c-19fcf5ec79c0",
              "parentUUID": "4e1b07b8-b643-494a-88c7-1f0de641262e",
              "isHook": false,
              "skipped": false
            },
            {
              "title": "Verifica se existe um botão com o id `generate-board`",
              "fullTitle": "10 - Faça o quadro de pixels ter seu tamanho definido pelo usuário. Verifica se existe um botão com o id `generate-board`",
              "timedOut": null,
              "duration": 4072,
              "state": "failed",
              "speed": null,
              "pass": false,
              "fail": true,
              "pending": false,
              "context": null,
              "code": "cy.get('#generate-board').should('be.visible');",
              "err": {
                "message": "AssertionError: Timed out retrying after 4000ms: Expected to find element: `#generate-board`, but never found it.",
                "estack": "AssertionError: Timed out retrying after 4000ms: Expected to find element: `#generate-board`, but never found it.\n    at Context.eval (http://localhost:53645/__cypress/tests?p=cypress/integration/project.spec.js:363:31)",
                "diff": null
              },
              "uuid": "16290832-f757-4f70-95e8-57ed81674b0d",
              "parentUUID": "4e1b07b8-b643-494a-88c7-1f0de641262e",
              "isHook": false,
              "skipped": false
            },
            {
              "title": "Verifica se o input só aceita número maiores que zero. Essa restrição deve ser feita usando os atributos do elemento `input`",
              "fullTitle": "10 - Faça o quadro de pixels ter seu tamanho definido pelo usuário. Verifica se o input só aceita número maiores que zero. Essa restrição deve ser feita usando os atributos do elemento `input`",
              "timedOut": null,
              "duration": 4068,
              "state": "failed",
              "speed": null,
              "pass": false,
              "fail": true,
              "pending": false,
              "context": null,
              "code": "cy.get('#board-size[type=\\'number\\'][min=\\'1\\']');",
              "err": {
                "message": "AssertionError: Timed out retrying after 4000ms: Expected to find element: `#board-size[type='number'][min='1']`, but never found it.",
                "estack": "AssertionError: Timed out retrying after 4000ms: Expected to find element: `#board-size[type='number'][min='1']`, but never found it.\n    at Context.eval (http://localhost:53645/__cypress/tests?p=cypress/integration/project.spec.js:366:8)",
                "diff": null
              },
              "uuid": "16f0a5b4-894f-425a-887c-252502a3c255",
              "parentUUID": "4e1b07b8-b643-494a-88c7-1f0de641262e",
              "isHook": false,
              "skipped": false
            },
            {
              "title": "Verifica se o botão contém o texto 'VQV'",
              "fullTitle": "10 - Faça o quadro de pixels ter seu tamanho definido pelo usuário. Verifica se o botão contém o texto 'VQV'",
              "timedOut": null,
              "duration": 4063,
              "state": "failed",
              "speed": null,
              "pass": false,
              "fail": true,
              "pending": false,
              "context": null,
              "code": "cy.get('#generate-board').contains(/vqv/i);",
              "err": {
                "message": "AssertionError: Timed out retrying after 4000ms: Expected to find element: `#generate-board`, but never found it.",
                "estack": "AssertionError: Timed out retrying after 4000ms: Expected to find element: `#generate-board`, but never found it.\n    at Context.eval (http://localhost:53645/__cypress/tests?p=cypress/integration/project.spec.js:369:8)",
                "diff": null
              },
              "uuid": "3f5edc2c-e658-4739-ba2e-95d17b80478e",
              "parentUUID": "4e1b07b8-b643-494a-88c7-1f0de641262e",
              "isHook": false,
              "skipped": false
            },
            {
              "title": "Verifica se o input está posicionado entre a paleta de cores e o quadro de pixels",
              "fullTitle": "10 - Faça o quadro de pixels ter seu tamanho definido pelo usuário. Verifica se o input está posicionado entre a paleta de cores e o quadro de pixels",
              "timedOut": null,
              "duration": 4083,
              "state": "failed",
              "speed": null,
              "pass": false,
              "fail": true,
              "pending": false,
              "context": null,
              "code": "cy.get('#color-palette').then(palette => {\n  cy.get('#board-size').should('be.belowOf', palette);\n});\ncy.get('#board-size').then(palette => {\n  cy.get('#pixel-board').should('be.belowOf', palette);\n});",
              "err": {
                "message": "AssertionError: Timed out retrying after 4000ms: Expected to find element: `#board-size`, but never found it.",
                "estack": "AssertionError: Timed out retrying after 4000ms: Expected to find element: `#board-size`, but never found it.\n    at Context.eval (http://localhost:53645/__cypress/tests?p=cypress/integration/project.spec.js:373:29)",
                "diff": null
              },
              "uuid": "2e776cac-6bf5-4654-bb7d-e9d95f3921c0",
              "parentUUID": "4e1b07b8-b643-494a-88c7-1f0de641262e",
              "isHook": false,
              "skipped": false
            },
            {
              "title": "Verifica se o botão está posicionado ao lado do input",
              "fullTitle": "10 - Faça o quadro de pixels ter seu tamanho definido pelo usuário. Verifica se o botão está posicionado ao lado do input",
              "timedOut": null,
              "duration": 4077,
              "state": "failed",
              "speed": null,
              "pass": false,
              "fail": true,
              "pending": false,
              "context": null,
              "code": "cy.get('#board-size').then(board => {\n  cy.get('#generate-board').should('be.onTheRightOf', board);\n});",
              "err": {
                "message": "AssertionError: Timed out retrying after 4000ms: Expected to find element: `#board-size`, but never found it.",
                "estack": "AssertionError: Timed out retrying after 4000ms: Expected to find element: `#board-size`, but never found it.\n    at Context.eval (http://localhost:53645/__cypress/tests?p=cypress/integration/project.spec.js:380:8)",
                "diff": null
              },
              "uuid": "0c0ea205-b197-4486-8fbc-ceaaac4ebe96",
              "parentUUID": "4e1b07b8-b643-494a-88c7-1f0de641262e",
              "isHook": false,
              "skipped": false
            },
            {
              "title": "Verifica se nenhum valor for colocado no input ao clicar no botão, um `alert` é exibido com o texto: 'Board inválido!'",
              "fullTitle": "10 - Faça o quadro de pixels ter seu tamanho definido pelo usuário. Verifica se nenhum valor for colocado no input ao clicar no botão, um `alert` é exibido com o texto: 'Board inválido!'",
              "timedOut": null,
              "duration": 4070,
              "state": "failed",
              "speed": null,
              "pass": false,
              "fail": true,
              "pending": false,
              "context": null,
              "code": "let alerted = false;\ncy.on('window:alert', msg => alerted = msg);\ncy.get('#generate-board').click().then(() => expect(alerted).to.match(/Board inválido!/i));",
              "err": {
                "message": "AssertionError: Timed out retrying after 4000ms: Expected to find element: `#generate-board`, but never found it.",
                "estack": "AssertionError: Timed out retrying after 4000ms: Expected to find element: `#generate-board`, but never found it.\n    at Context.eval (http://localhost:53645/__cypress/tests?p=cypress/integration/project.spec.js:387:8)",
                "diff": null
              },
              "uuid": "6a5153f1-062b-4137-b363-be9597a0b7d7",
              "parentUUID": "4e1b07b8-b643-494a-88c7-1f0de641262e",
              "isHook": false,
              "skipped": false
            },
            {
              "title": "Verifica se ao clicar no botão com um valor preenchido, o tamanho do board muda.",
              "fullTitle": "10 - Faça o quadro de pixels ter seu tamanho definido pelo usuário. Verifica se ao clicar no botão com um valor preenchido, o tamanho do board muda.",
              "timedOut": null,
              "duration": 4069,
              "state": "failed",
              "speed": null,
              "pass": false,
              "fail": true,
              "pending": false,
              "context": null,
              "code": "cy.get('#board-size').clear().type(10);\ncy.get('#generate-board').click();\ncy.get('.pixel').should('have.length', 100);",
              "err": {
                "message": "AssertionError: Timed out retrying after 4000ms: Expected to find element: `#board-size`, but never found it.",
                "estack": "AssertionError: Timed out retrying after 4000ms: Expected to find element: `#board-size`, but never found it.\n    at Context.eval (http://localhost:53645/__cypress/tests?p=cypress/integration/project.spec.js:390:8)",
                "diff": null
              },
              "uuid": "bf3ede8a-586a-45b1-9643-60fe49d48410",
              "parentUUID": "4e1b07b8-b643-494a-88c7-1f0de641262e",
              "isHook": false,
              "skipped": false
            },
            {
              "title": "Verifica se o novo quadro tem todos os pixels preenchidos com a cor branca",
              "fullTitle": "10 - Faça o quadro de pixels ter seu tamanho definido pelo usuário. Verifica se o novo quadro tem todos os pixels preenchidos com a cor branca",
              "timedOut": null,
              "duration": 4081,
              "state": "failed",
              "speed": null,
              "pass": false,
              "fail": true,
              "pending": false,
              "context": null,
              "code": "cy.get('#board-size').clear().type(6);\ncy.get('#generate-board').click();\ncy.get('.pixel').should('have.length', 36).each(pixel => {\n  expect(pixel).to.have.css('background-color', WHITE);\n});",
              "err": {
                "message": "AssertionError: Timed out retrying after 4000ms: Expected to find element: `#board-size`, but never found it.",
                "estack": "AssertionError: Timed out retrying after 4000ms: Expected to find element: `#board-size`, but never found it.\n    at Context.eval (http://localhost:53645/__cypress/tests?p=cypress/integration/project.spec.js:395:8)",
                "diff": null
              },
              "uuid": "96790f11-e3e5-4121-b100-fea0f6310890",
              "parentUUID": "4e1b07b8-b643-494a-88c7-1f0de641262e",
              "isHook": false,
              "skipped": false
            }
          ],
          "suites": [],
          "passes": [],
          "failures": [
            "70132b24-183f-4e3c-ad9c-19fcf5ec79c0",
            "16290832-f757-4f70-95e8-57ed81674b0d",
            "16f0a5b4-894f-425a-887c-252502a3c255",
            "3f5edc2c-e658-4739-ba2e-95d17b80478e",
            "2e776cac-6bf5-4654-bb7d-e9d95f3921c0",
            "0c0ea205-b197-4486-8fbc-ceaaac4ebe96",
            "6a5153f1-062b-4137-b363-be9597a0b7d7",
            "bf3ede8a-586a-45b1-9643-60fe49d48410",
            "96790f11-e3e5-4121-b100-fea0f6310890"
          ],
          "pending": [],
          "skipped": [],
          "duration": 36651,
          "root": false,
          "rootEmpty": false,
          "_timeout": 2000
        },
        {
          "uuid": "d84aa1a8-fe2e-459c-9a09-e8064f23ac01",
          "title": "11 - Limite o tamanho mínimo e máximo do board.",
          "fullFile": "",
          "file": "",
          "beforeHooks": [],
          "afterHooks": [],
          "tests": [
            {
              "title": "Verifica se a altura máxima do board é 50",
              "fullTitle": "11 - Limite o tamanho mínimo e máximo do board. Verifica se a altura máxima do board é 50",
              "timedOut": null,
              "duration": 4090,
              "state": "failed",
              "speed": null,
              "pass": false,
              "fail": true,
              "pending": false,
              "context": null,
              "code": "cy.get('#board-size').clear().type(50);\ncy.get('#generate-board').click();\ncy.get('.pixel').should('have.length', 2500);",
              "err": {
                "message": "AssertionError: Timed out retrying after 4000ms: Expected to find element: `#board-size`, but never found it.",
                "estack": "AssertionError: Timed out retrying after 4000ms: Expected to find element: `#board-size`, but never found it.\n    at Context.eval (http://localhost:53645/__cypress/tests?p=cypress/integration/project.spec.js:407:8)",
                "diff": null
              },
              "uuid": "4c81ecaf-fa56-4974-8ff4-714a90994740",
              "parentUUID": "d84aa1a8-fe2e-459c-9a09-e8064f23ac01",
              "isHook": false,
              "skipped": false
            },
            {
              "title": "Verifica se a altura do board é 5 quando um valor menor é colocado no input",
              "fullTitle": "11 - Limite o tamanho mínimo e máximo do board. Verifica se a altura do board é 5 quando um valor menor é colocado no input",
              "timedOut": null,
              "duration": 4072,
              "state": "failed",
              "speed": null,
              "pass": false,
              "fail": true,
              "pending": false,
              "context": null,
              "code": "cy.get('#board-size').clear().type(4);\ncy.get('#generate-board').click();\ncy.get('.pixel').should('have.length', 25);",
              "err": {
                "message": "AssertionError: Timed out retrying after 4000ms: Expected to find element: `#board-size`, but never found it.",
                "estack": "AssertionError: Timed out retrying after 4000ms: Expected to find element: `#board-size`, but never found it.\n    at Context.eval (http://localhost:53645/__cypress/tests?p=cypress/integration/project.spec.js:412:8)",
                "diff": null
              },
              "uuid": "1dd7327d-30d2-41d2-b865-776073adbc00",
              "parentUUID": "d84aa1a8-fe2e-459c-9a09-e8064f23ac01",
              "isHook": false,
              "skipped": false
            },
            {
              "title": "Verifica se a altura do board é 50 quando um valor maior é colocado no input",
              "fullTitle": "11 - Limite o tamanho mínimo e máximo do board. Verifica se a altura do board é 50 quando um valor maior é colocado no input",
              "timedOut": null,
              "duration": 4102,
              "state": "failed",
              "speed": null,
              "pass": false,
              "fail": true,
              "pending": false,
              "context": null,
              "code": "cy.get('#board-size').clear().type(51);\ncy.get('#generate-board').click();\ncy.get('.pixel').should('have.length', 2500);",
              "err": {
                "message": "AssertionError: Timed out retrying after 4000ms: Expected to find element: `#board-size`, but never found it.",
                "estack": "AssertionError: Timed out retrying after 4000ms: Expected to find element: `#board-size`, but never found it.\n    at Context.eval (http://localhost:53645/__cypress/tests?p=cypress/integration/project.spec.js:417:8)",
                "diff": null
              },
              "uuid": "5d3d6760-cbaa-404a-b204-0c640e8a374e",
              "parentUUID": "d84aa1a8-fe2e-459c-9a09-e8064f23ac01",
              "isHook": false,
              "skipped": false
            }
          ],
          "suites": [],
          "passes": [],
          "failures": [
            "4c81ecaf-fa56-4974-8ff4-714a90994740",
            "1dd7327d-30d2-41d2-b865-776073adbc00",
            "5d3d6760-cbaa-404a-b204-0c640e8a374e"
          ],
          "pending": [],
          "skipped": [],
          "duration": 12264,
          "root": false,
          "rootEmpty": false,
          "_timeout": 2000
        },
        {
          "uuid": "72850076-872f-4678-bc56-4826f70f72e2",
          "title": "12 - Faça com que as cores da paleta sejam geradas aleatoriamente ao carregar a página.",
          "fullFile": "",
          "file": "",
          "beforeHooks": [],
          "afterHooks": [],
          "tests": [
            {
              "title": "Verifica se as cores geradas na paleta são diferentes a cada carregamento da página",
              "fullTitle": "12 - Faça com que as cores da paleta sejam geradas aleatoriamente ao carregar a página. Verifica se as cores geradas na paleta são diferentes a cada carregamento da página",
              "timedOut": null,
              "duration": 204,
              "state": "failed",
              "speed": null,
              "pass": false,
              "fail": true,
              "pending": false,
              "context": null,
              "code": "cy.get('.color').then(colors => {\n  let currentColors;\n  let previousColors;\n  previousColors = Array.from(colors).map(color => Cypress.$(color).css('background-color'));\n  for (let i = 0; i < 5; i += 1) {\n    cy.reload();\n    cy.get('.color').then(colors => {\n      currentColors = Array.from(colors).map(color => Cypress.$(color).css('background-color'));\n      expect(currentColors).not.to.deep.equal(previousColors);\n      previousColors = currentColors;\n    });\n  }\n});",
              "err": {
                "message": "AssertionError: expected [ Array(4) ] to not deeply equal [ Array(4) ]",
                "estack": "AssertionError: expected [ Array(4) ] to not deeply equal [ Array(4) ]\n    at Context.eval (http://localhost:53645/__cypress/tests?p=cypress/integration/project.spec.js:436:45)",
                "diff": ""
              },
              "uuid": "780b6ebe-fa99-48af-bc6b-aa34642abee5",
              "parentUUID": "72850076-872f-4678-bc56-4826f70f72e2",
              "isHook": false,
              "skipped": false
            },
            {
              "title": "Verifica se a cor preta ainda está presente e é a primeira na sua paleta de cores",
              "fullTitle": "12 - Faça com que as cores da paleta sejam geradas aleatoriamente ao carregar a página. Verifica se a cor preta ainda está presente e é a primeira na sua paleta de cores",
              "timedOut": null,
              "duration": 90,
              "state": "failed",
              "speed": null,
              "pass": false,
              "fail": true,
              "pending": false,
              "context": null,
              "code": "cy.get('.color').then(colors => {\n  let currentColors;\n  let previousColors;\n  previousColors = Array.from(colors).map(color => Cypress.$(color).css('background-color'));\n  expect(previousColors[0]).to.eq(BLACK);\n  for (let i = 0; i < 5; i += 1) {\n    cy.reload();\n    cy.get('.color').then(colors => {\n      currentColors = Array.from(colors).map(color => Cypress.$(color).css('background-color'));\n      expect(currentColors[0]).to.eq(BLACK);\n      expect(currentColors).not.to.deep.equal(previousColors);\n      previousColors = currentColors;\n    });\n  }\n});",
              "err": {
                "message": "AssertionError: expected 'rgba(0, 0, 0, 0)' to equal 'rgb(0, 0, 0)'",
                "estack": "AssertionError: expected 'rgba(0, 0, 0, 0)' to equal 'rgb(0, 0, 0)'\n    at Context.eval (http://localhost:53645/__cypress/tests?p=cypress/integration/project.spec.js:447:36)",
                "diff": "- 'rgba(0, 0, 0, 0)'\n+ 'rgb(0, 0, 0)'\n"
              },
              "uuid": "c93fe243-57bf-41d9-be22-30345b38ea13",
              "parentUUID": "72850076-872f-4678-bc56-4826f70f72e2",
              "isHook": false,
              "skipped": false
            }
          ],
          "suites": [],
          "passes": [],
          "failures": [
            "780b6ebe-fa99-48af-bc6b-aa34642abee5",
            "c93fe243-57bf-41d9-be22-30345b38ea13"
          ],
          "pending": [],
          "skipped": [],
          "duration": 294,
          "root": false,
          "rootEmpty": false,
          "_timeout": 2000
        }
      ],
      "passes": [],
      "failures": [],
      "pending": [],
      "skipped": [],
      "duration": 0,
      "root": true,
      "rootEmpty": true,
      "_timeout": 2000
    }
  ],
  "meta": {
    "mocha": {
      "version": "7.0.1"
    },
    "mochawesome": {
      "options": {
        "quiet": false,
        "reportFilename": "mochawesome",
        "saveHtml": false,
        "saveJson": true,
        "consoleReporter": "spec",
        "useInlineDiffs": false
      },
      "version": "4.1.0"
    },
    "marge": {
      "options": {
        "id": "default",
        "reportDir": "cypress/reports",
        "overwrite": true,
        "html": false,
        "json": true
      },
      "version": "4.1.0"
    }
  }
}